{"/Users/cseibert/Workspace/ef-cms/web-client/src/applicationContext.js": {"path":"/Users/cseibert/Workspace/ef-cms/web-client/src/applicationContext.js","statementMap":{"0":{"start":{"line":9,"column":4},"end":{"line":9,"column":60}},"1":{"start":{"line":41,"column":23},"end":{"line":43,"column":1}},"2":{"start":{"line":42,"column":2},"end":{"line":42,"column":14}},"3":{"start":{"line":44,"column":23},"end":{"line":46,"column":1}},"4":{"start":{"line":45,"column":2},"end":{"line":45,"column":17}},"5":{"start":{"line":48,"column":27},"end":{"line":99,"column":1}},"6":{"start":{"line":50,"column":4},"end":{"line":50,"column":61}},"7":{"start":{"line":52,"column":23},"end":{"line":52,"column":28}},"8":{"start":{"line":54,"column":4},"end":{"line":54,"column":20}},"9":{"start":{"line":56,"column":32},"end":{"line":58,"column":3}},"10":{"start":{"line":60,"column":4},"end":{"line":66,"column":6}},"11":{"start":{"line":69,"column":4},"end":{"line":95,"column":6}}},"fnMap":{"0":{"name":"(anonymous_0)","decl":{"start":{"line":41,"column":23},"end":{"line":41,"column":24}},"loc":{"start":{"line":41,"column":29},"end":{"line":43,"column":1}},"line":41},"1":{"name":"(anonymous_1)","decl":{"start":{"line":44,"column":23},"end":{"line":44,"column":24}},"loc":{"start":{"line":44,"column":34},"end":{"line":46,"column":1}},"line":44},"2":{"name":"(anonymous_2)","decl":{"start":{"line":49,"column":14},"end":{"line":49,"column":15}},"loc":{"start":{"line":49,"column":20},"end":{"line":51,"column":3}},"line":49},"3":{"name":"(anonymous_3)","decl":{"start":{"line":52,"column":17},"end":{"line":52,"column":18}},"loc":{"start":{"line":52,"column":23},"end":{"line":52,"column":28}},"line":52},"4":{"name":"(anonymous_4)","decl":{"start":{"line":53,"column":15},"end":{"line":53,"column":16}},"loc":{"start":{"line":53,"column":21},"end":{"line":55,"column":3}},"line":53},"5":{"name":"(anonymous_5)","decl":{"start":{"line":56,"column":25},"end":{"line":56,"column":26}},"loc":{"start":{"line":56,"column":32},"end":{"line":58,"column":3}},"line":56},"6":{"name":"(anonymous_6)","decl":{"start":{"line":59,"column":25},"end":{"line":59,"column":26}},"loc":{"start":{"line":59,"column":31},"end":{"line":67,"column":3}},"line":59},"7":{"name":"(anonymous_7)","decl":{"start":{"line":68,"column":15},"end":{"line":68,"column":16}},"loc":{"start":{"line":68,"column":21},"end":{"line":96,"column":3}},"line":68}},"branchMap":{"0":{"loc":{"start":{"line":50,"column":11},"end":{"line":50,"column":60}},"type":"binary-expr","locations":[{"start":{"line":50,"column":11},"end":{"line":50,"column":30}},{"start":{"line":50,"column":34},"end":{"line":50,"column":60}}],"line":50}},"s":{"0":3,"1":3,"2":47,"3":3,"4":11,"5":3,"6":87,"7":80,"8":3,"9":3,"10":7,"11":129},"f":{"0":47,"1":11,"2":87,"3":80,"4":3,"5":3,"6":7,"7":129},"b":{"0":[87,87]},"_coverageSchema":"332fd63041d2c1bcb487cc26dd0d5f7d97098a6c","hash":"286667aa93b76f1922513b0b5897e75601738d9a"}
,"/Users/cseibert/Workspace/ef-cms/web-client/src/index.dev.js": {"path":"/Users/cseibert/Workspace/ef-cms/web-client/src/index.dev.js","statementMap":{"0":{"start":{"line":1,"column":0},"end":{"line":null,"column":-1}},"1":{"start":{"line":2,"column":0},"end":{"line":null,"column":-1}},"2":{"start":{"line":4,"column":0},"end":{"line":null,"column":-1}},"3":{"start":{"line":5,"column":0},"end":{"line":null,"column":-1}},"4":{"start":{"line":6,"column":0},"end":{"line":null,"column":-1}},"5":{"start":{"line":7,"column":0},"end":{"line":null,"column":-1}},"6":{"start":{"line":12,"column":17},"end":{"line":12,"column":0}},"7":{"start":{"line":13,"column":0},"end":{"line":20,"column":1}},"8":{"start":{"line":14,"column":2},"end":{"line":null,"column":-1}},"9":{"start":{"line":22,"column":0},"end":{"line":null,"column":-1}}},"fnMap":{},"branchMap":{"0":{"loc":{"start":{"line":13,"column":0},"end":{"line":20,"column":1}},"type":"if","locations":[{"start":{"line":13,"column":0},"end":{"line":20,"column":1}},{"start":{"line":13,"column":0},"end":{"line":20,"column":1}}]}},"s":{"0":0,"1":0,"2":0,"3":0,"4":0,"5":0,"6":0,"7":0,"8":0,"9":0},"f":{},"b":{"0":[0,0]}}
,"/Users/cseibert/Workspace/ef-cms/web-client/src/index.prod.js": {"path":"/Users/cseibert/Workspace/ef-cms/web-client/src/index.prod.js","statementMap":{"0":{"start":{"line":1,"column":0},"end":{"line":null,"column":-1}},"1":{"start":{"line":3,"column":0},"end":{"line":null,"column":-1}},"2":{"start":{"line":4,"column":0},"end":{"line":null,"column":-1}},"3":{"start":{"line":9,"column":0},"end":{"line":null,"column":-1}}},"fnMap":{},"branchMap":{},"s":{"0":0,"1":0,"2":0,"3":0},"f":{},"b":{}}
,"/Users/cseibert/Workspace/ef-cms/web-client/src/router.js": {"path":"/Users/cseibert/Workspace/ef-cms/web-client/src/router.js","statementMap":{"0":{"start":{"line":1,"column":0},"end":{"line":null,"column":-1}},"1":{"start":{"line":3,"column":0},"end":{"line":null,"column":-1}},"2":{"start":{"line":4,"column":24},"end":{"line":4,"column":0}},"3":{"start":{"line":6,"column":15},"end":{"line":6,"column":0}},"4":{"start":{"line":8,"column":4},"end":{"line":null,"column":-1}},"5":{"start":{"line":9,"column":4},"end":{"line":null,"column":-1}},"6":{"start":{"line":10,"column":6},"end":{"line":null,"column":-1}},"7":{"start":{"line":11,"column":6},"end":{"line":null,"column":-1}},"8":{"start":{"line":13,"column":4},"end":{"line":null,"column":-1}},"9":{"start":{"line":14,"column":6},"end":{"line":null,"column":-1}},"10":{"start":{"line":15,"column":6},"end":{"line":null,"column":-1}},"11":{"start":{"line":17,"column":4},"end":{"line":null,"column":-1}},"12":{"start":{"line":18,"column":6},"end":{"line":null,"column":-1}},"13":{"start":{"line":19,"column":6},"end":{"line":null,"column":-1}},"14":{"start":{"line":24,"column":4},"end":{"line":null,"column":-1}},"15":{"start":{"line":25,"column":6},"end":{"line":null,"column":-1}},"16":{"start":{"line":26,"column":6},"end":{"line":null,"column":-1}},"17":{"start":{"line":28,"column":4},"end":{"line":null,"column":-1}},"18":{"start":{"line":29,"column":6},"end":{"line":null,"column":-1}},"19":{"start":{"line":30,"column":6},"end":{"line":null,"column":-1}},"20":{"start":{"line":32,"column":4},"end":{"line":null,"column":-1}},"21":{"start":{"line":34,"column":20},"end":{"line":34,"column":6}},"22":{"start":{"line":35,"column":20},"end":{"line":35,"column":6}},"23":{"start":{"line":36,"column":19},"end":{"line":36,"column":6}},"24":{"start":{"line":37,"column":6},"end":{"line":null,"column":-1}},"25":{"start":{"line":39,"column":4},"end":{"line":null,"column":-1}},"26":{"start":{"line":40,"column":6},"end":{"line":null,"column":-1}},"27":{"start":{"line":41,"column":6},"end":{"line":null,"column":-1}},"28":{"start":{"line":43,"column":4},"end":{"line":null,"column":-1}},"29":{"start":{"line":44,"column":6},"end":{"line":null,"column":-1}},"30":{"start":{"line":45,"column":6},"end":{"line":null,"column":-1}},"31":{"start":{"line":47,"column":4},"end":{"line":null,"column":-1}}},"fnMap":{"0":{"name":"initialize","decl":{"start":{"line":7,"column":14},"end":{"line":7,"column":13}},"loc":{"start":{"line":7,"column":21},"end":{"line":48,"column":3}}},"1":{"name":"(anonymous_3)","decl":{"start":{"line":9,"column":15},"end":{"line":9,"column":20}},"loc":{"start":{"line":9,"column":21},"end":{"line":9,"column":4}}},"2":{"name":"(anonymous_4)","decl":{"start":{"line":13,"column":28},"end":{"line":13,"column":27}},"loc":{"start":{"line":13,"column":44},"end":{"line":13,"column":4}}},"3":{"name":"(anonymous_5)","decl":{"start":{"line":17,"column":40},"end":{"line":17,"column":40}},"loc":{"start":{"line":17,"column":70},"end":{"line":17,"column":4}}},"4":{"name":"(anonymous_6)","decl":{"start":{"line":24,"column":44},"end":{"line":24,"column":43}},"loc":{"start":{"line":24,"column":54},"end":{"line":24,"column":4}}},"5":{"name":"(anonymous_7)","decl":{"start":{"line":28,"column":21},"end":{"line":28,"column":26}},"loc":{"start":{"line":28,"column":27},"end":{"line":28,"column":4}}},"6":{"name":"(anonymous_8)","decl":{"start":{"line":32,"column":24},"end":{"line":32,"column":29}},"loc":{"start":{"line":32,"column":30},"end":{"line":32,"column":4}}},"7":{"name":"(anonymous_9)","decl":{"start":{"line":39,"column":27},"end":{"line":39,"column":32}},"loc":{"start":{"line":39,"column":33},"end":{"line":39,"column":4}}},"8":{"name":"(anonymous_10)","decl":{"start":{"line":43,"column":26},"end":{"line":43,"column":31}},"loc":{"start":{"line":43,"column":32},"end":{"line":43,"column":4}}}},"branchMap":{"0":{"loc":{"start":{"line":36,"column":19},"end":{"line":36,"column":18}},"type":"binary-expr","locations":[{"start":{"line":36,"column":19},"end":{"line":36,"column":18}},{"start":{"line":36,"column":33},"end":{"line":36,"column":6}}]}},"s":{"0":0,"1":0,"2":0,"3":0,"4":0,"5":0,"6":0,"7":0,"8":0,"9":0,"10":0,"11":0,"12":0,"13":0,"14":0,"15":0,"16":0,"17":0,"18":0,"19":0,"20":0,"21":0,"22":0,"23":0,"24":0,"25":0,"26":0,"27":0,"28":0,"29":0,"30":0,"31":0},"f":{"0":0,"1":0,"2":0,"3":0,"4":0,"5":0,"6":0,"7":0,"8":0},"b":{"0":[0,0]}}
,"/Users/cseibert/Workspace/ef-cms/web-client/src/server.js": {"path":"/Users/cseibert/Workspace/ef-cms/web-client/src/server.js","statementMap":{"0":{"start":{"line":1,"column":16},"end":{"line":1,"column":0}},"1":{"start":{"line":3,"column":12},"end":{"line":3,"column":0}},"2":{"start":{"line":4,"column":0},"end":{"line":null,"column":-1}},"3":{"start":{"line":6,"column":0},"end":{"line":null,"column":-1}}},"fnMap":{},"branchMap":{},"s":{"0":0,"1":0,"2":0,"3":0},"f":{},"b":{}}
,"/Users/cseibert/Workspace/ef-cms/web-client/src/presenter/index.js": {"path":"/Users/cseibert/Workspace/ef-cms/web-client/src/presenter/index.js","statementMap":{},"fnMap":{},"branchMap":{},"s":{},"f":{},"b":{},"_coverageSchema":"332fd63041d2c1bcb487cc26dd0d5f7d97098a6c","hash":"dd3b9ff5992e92bbcbe5f74411f1530cd6cb561d"}
,"/Users/cseibert/Workspace/ef-cms/web-client/src/presenter/state.js": {"path":"/Users/cseibert/Workspace/ef-cms/web-client/src/presenter/state.js","statementMap":{},"fnMap":{},"branchMap":{},"s":{},"f":{},"b":{},"_coverageSchema":"332fd63041d2c1bcb487cc26dd0d5f7d97098a6c","hash":"82b404e1cf6a3f6ed896f08ee1dd24ea466e76c9"}
,"/Users/cseibert/Workspace/ef-cms/web-client/src/presenter/actions/appendNewYearAmountAction.js": {"path":"/Users/cseibert/Workspace/ef-cms/web-client/src/presenter/actions/appendNewYearAmountAction.js","statementMap":{"0":{"start":{"line":4,"column":21},"end":{"line":4,"column":42}},"1":{"start":{"line":5,"column":2},"end":{"line":8,"column":5}}},"fnMap":{"0":{"name":"(anonymous_0)","decl":{"start":{"line":3,"column":15},"end":{"line":3,"column":16}},"loc":{"start":{"line":3,"column":41},"end":{"line":9,"column":1}},"line":3}},"branchMap":{},"s":{"0":0,"1":0},"f":{"0":0},"b":{},"_coverageSchema":"332fd63041d2c1bcb487cc26dd0d5f7d97098a6c","hash":"a440054d3bf38b11e5fa92c497ed3f09b47a6046"}
,"/Users/cseibert/Workspace/ef-cms/web-client/src/presenter/actions/assignSelectedWorkItemsAction.js": {"path":"/Users/cseibert/Workspace/ef-cms/web-client/src/presenter/actions/assignSelectedWorkItemsAction.js","statementMap":{"0":{"start":{"line":4,"column":28},"end":{"line":4,"column":56}},"1":{"start":{"line":5,"column":27},"end":{"line":5,"column":54}},"2":{"start":{"line":6,"column":20},"end":{"line":6,"column":40}},"3":{"start":{"line":7,"column":21},"end":{"line":7,"column":42}},"4":{"start":{"line":8,"column":23},"end":{"line":8,"column":46}},"5":{"start":{"line":9,"column":17},"end":{"line":9,"column":38}},"6":{"start":{"line":11,"column":2},"end":{"line":18,"column":5}},"7":{"start":{"line":13,"column":50},"end":{"line":17,"column":5}},"8":{"start":{"line":20,"column":2},"end":{"line":35,"column":4}},"9":{"start":{"line":23,"column":6},"end":{"line":33,"column":7}},"10":{"start":{"line":24,"column":39},"end":{"line":24,"column":78}},"11":{"start":{"line":26,"column":8},"end":{"line":30,"column":10}},"12":{"start":{"line":32,"column":8},"end":{"line":32,"column":24}},"13":{"start":{"line":37,"column":28},"end":{"line":39,"column":3}},"14":{"start":{"line":38,"column":12},"end":{"line":38,"column":38}},"15":{"start":{"line":41,"column":2},"end":{"line":55,"column":3}},"16":{"start":{"line":42,"column":4},"end":{"line":54,"column":7}},"17":{"start":{"line":43,"column":6},"end":{"line":53,"column":7}},"18":{"start":{"line":45,"column":22},"end":{"line":45,"column":61}},"19":{"start":{"line":48,"column":8},"end":{"line":52,"column":11}},"20":{"start":{"line":57,"column":2},"end":{"line":57,"column":48}},"21":{"start":{"line":58,"column":2},"end":{"line":58,"column":41}},"22":{"start":{"line":60,"column":2},"end":{"line":60,"column":36}},"23":{"start":{"line":61,"column":2},"end":{"line":61,"column":38}}},"fnMap":{"0":{"name":"(anonymous_0)","decl":{"start":{"line":3,"column":15},"end":{"line":3,"column":16}},"loc":{"start":{"line":3,"column":61},"end":{"line":62,"column":1}},"line":3},"1":{"name":"(anonymous_1)","decl":{"start":{"line":13,"column":37},"end":{"line":13,"column":38}},"loc":{"start":{"line":13,"column":50},"end":{"line":17,"column":5}},"line":13},"2":{"name":"(anonymous_2)","decl":{"start":{"line":22,"column":25},"end":{"line":22,"column":26}},"loc":{"start":{"line":22,"column":37},"end":{"line":34,"column":5}},"line":22},"3":{"name":"(anonymous_3)","decl":{"start":{"line":24,"column":31},"end":{"line":24,"column":32}},"loc":{"start":{"line":24,"column":39},"end":{"line":24,"column":78}},"line":24},"4":{"name":"(anonymous_4)","decl":{"start":{"line":38,"column":4},"end":{"line":38,"column":5}},"loc":{"start":{"line":38,"column":12},"end":{"line":38,"column":38}},"line":38},"5":{"name":"(anonymous_5)","decl":{"start":{"line":42,"column":30},"end":{"line":42,"column":31}},"loc":{"start":{"line":42,"column":38},"end":{"line":54,"column":5}},"line":42},"6":{"name":"(anonymous_6)","decl":{"start":{"line":45,"column":10},"end":{"line":45,"column":11}},"loc":{"start":{"line":45,"column":22},"end":{"line":45,"column":61}},"line":45}},"branchMap":{"0":{"loc":{"start":{"line":23,"column":6},"end":{"line":33,"column":7}},"type":"if","locations":[{"start":{"line":23,"column":6},"end":{"line":33,"column":7}},{"start":{"line":23,"column":6},"end":{"line":33,"column":7}}],"line":23},"1":{"loc":{"start":{"line":41,"column":2},"end":{"line":55,"column":3}},"type":"if","locations":[{"start":{"line":41,"column":2},"end":{"line":55,"column":3}},{"start":{"line":41,"column":2},"end":{"line":55,"column":3}}],"line":41},"2":{"loc":{"start":{"line":43,"column":6},"end":{"line":53,"column":7}},"type":"if","locations":[{"start":{"line":43,"column":6},"end":{"line":53,"column":7}},{"start":{"line":43,"column":6},"end":{"line":53,"column":7}}],"line":43}},"s":{"0":3,"1":3,"2":3,"3":3,"4":3,"5":3,"6":3,"7":3,"8":3,"9":49,"10":49,"11":3,"12":46,"13":3,"14":1,"15":3,"16":1,"17":1,"18":0,"19":1,"20":3,"21":3,"22":3,"23":3},"f":{"0":3,"1":3,"2":49,"3":49,"4":1,"5":1,"6":0},"b":{"0":[3,46],"1":[1,2],"2":[1,0]},"_coverageSchema":"332fd63041d2c1bcb487cc26dd0d5f7d97098a6c","hash":"21934902d62815c43f17ffdf393149fc8c98b750"}
,"/Users/cseibert/Workspace/ef-cms/web-client/src/presenter/actions/clearAlertsAction.js": {"path":"/Users/cseibert/Workspace/ef-cms/web-client/src/presenter/actions/clearAlertsAction.js","statementMap":{"0":{"start":{"line":4,"column":2},"end":{"line":4,"column":36}},"1":{"start":{"line":5,"column":2},"end":{"line":5,"column":38}},"2":{"start":{"line":6,"column":2},"end":{"line":6,"column":40}}},"fnMap":{"0":{"name":"(anonymous_0)","decl":{"start":{"line":3,"column":15},"end":{"line":3,"column":16}},"loc":{"start":{"line":3,"column":30},"end":{"line":7,"column":1}},"line":3}},"branchMap":{},"s":{"0":59,"1":59,"2":59},"f":{"0":59},"b":{},"_coverageSchema":"332fd63041d2c1bcb487cc26dd0d5f7d97098a6c","hash":"f3bd71d7d4c7284c244bdd3ffbbe811c1fead9f9"}
,"/Users/cseibert/Workspace/ef-cms/web-client/src/presenter/actions/clearCompleteFormAction.js": {"path":"/Users/cseibert/Workspace/ef-cms/web-client/src/presenter/actions/clearCompleteFormAction.js","statementMap":{"0":{"start":{"line":4,"column":2},"end":{"line":4,"column":54}}},"fnMap":{"0":{"name":"(anonymous_0)","decl":{"start":{"line":3,"column":15},"end":{"line":3,"column":16}},"loc":{"start":{"line":3,"column":37},"end":{"line":5,"column":1}},"line":3}},"branchMap":{},"s":{"0":1},"f":{"0":1},"b":{},"_coverageSchema":"332fd63041d2c1bcb487cc26dd0d5f7d97098a6c","hash":"eeec86cc3c1de542d03220fcacba0f7bbce54b84"}
,"/Users/cseibert/Workspace/ef-cms/web-client/src/presenter/actions/clearDocumentAction.js": {"path":"/Users/cseibert/Workspace/ef-cms/web-client/src/presenter/actions/clearDocumentAction.js","statementMap":{"0":{"start":{"line":1,"column":0},"end":{"line":null,"column":-1}},"1":{"start":{"line":3,"column":30},"end":{"line":3,"column":29}},"2":{"start":{"line":4,"column":2},"end":{"line":null,"column":-1}}},"fnMap":{},"branchMap":{},"s":{"0":0,"1":0,"2":0},"f":{},"b":{}}
,"/Users/cseibert/Workspace/ef-cms/web-client/src/presenter/actions/clearFormAction.js": {"path":"/Users/cseibert/Workspace/ef-cms/web-client/src/presenter/actions/clearFormAction.js","statementMap":{"0":{"start":{"line":4,"column":2},"end":{"line":4,"column":28}}},"fnMap":{"0":{"name":"(anonymous_0)","decl":{"start":{"line":3,"column":15},"end":{"line":3,"column":16}},"loc":{"start":{"line":3,"column":30},"end":{"line":5,"column":1}},"line":3}},"branchMap":{},"s":{"0":4},"f":{"0":4},"b":{},"_coverageSchema":"332fd63041d2c1bcb487cc26dd0d5f7d97098a6c","hash":"3951bacb7c610ef280860a93dbdb35cebb0633cd"}
,"/Users/cseibert/Workspace/ef-cms/web-client/src/presenter/actions/clearFormsAction.js": {"path":"/Users/cseibert/Workspace/ef-cms/web-client/src/presenter/actions/clearFormsAction.js","statementMap":{"0":{"start":{"line":4,"column":2},"end":{"line":4,"column":36}},"1":{"start":{"line":5,"column":2},"end":{"line":5,"column":28}}},"fnMap":{"0":{"name":"(anonymous_0)","decl":{"start":{"line":3,"column":15},"end":{"line":3,"column":16}},"loc":{"start":{"line":3,"column":30},"end":{"line":6,"column":1}},"line":3}},"branchMap":{},"s":{"0":3,"1":3},"f":{"0":3},"b":{},"_coverageSchema":"332fd63041d2c1bcb487cc26dd0d5f7d97098a6c","hash":"6bc672b90a1faf775c31ab7b825ef8f1c68122d6"}
,"/Users/cseibert/Workspace/ef-cms/web-client/src/presenter/actions/clearForwardFormAction.js": {"path":"/Users/cseibert/Workspace/ef-cms/web-client/src/presenter/actions/clearForwardFormAction.js","statementMap":{"0":{"start":{"line":4,"column":2},"end":{"line":4,"column":46}}},"fnMap":{"0":{"name":"(anonymous_0)","decl":{"start":{"line":3,"column":15},"end":{"line":3,"column":16}},"loc":{"start":{"line":3,"column":37},"end":{"line":5,"column":1}},"line":3}},"branchMap":{},"s":{"0":1},"f":{"0":1},"b":{},"_coverageSchema":"332fd63041d2c1bcb487cc26dd0d5f7d97098a6c","hash":"db8a7511f997228dc277b7c57518525a5b136eef"}
,"/Users/cseibert/Workspace/ef-cms/web-client/src/presenter/actions/clearLoginFormAction.js": {"path":"/Users/cseibert/Workspace/ef-cms/web-client/src/presenter/actions/clearLoginFormAction.js","statementMap":{"0":{"start":{"line":4,"column":2},"end":{"line":6,"column":5}}},"fnMap":{"0":{"name":"(anonymous_0)","decl":{"start":{"line":3,"column":15},"end":{"line":3,"column":16}},"loc":{"start":{"line":3,"column":30},"end":{"line":7,"column":1}},"line":3}},"branchMap":{},"s":{"0":4},"f":{"0":4},"b":{},"_coverageSchema":"332fd63041d2c1bcb487cc26dd0d5f7d97098a6c","hash":"06338242190a2fd4fefa370beff9da43765c4429"}
,"/Users/cseibert/Workspace/ef-cms/web-client/src/presenter/actions/clearPetitionAction.js": {"path":"/Users/cseibert/Workspace/ef-cms/web-client/src/presenter/actions/clearPetitionAction.js","statementMap":{"0":{"start":{"line":4,"column":2},"end":{"line":7,"column":5}}},"fnMap":{"0":{"name":"(anonymous_0)","decl":{"start":{"line":3,"column":15},"end":{"line":3,"column":16}},"loc":{"start":{"line":3,"column":30},"end":{"line":8,"column":1}},"line":3}},"branchMap":{},"s":{"0":3},"f":{"0":3},"b":{},"_coverageSchema":"332fd63041d2c1bcb487cc26dd0d5f7d97098a6c","hash":"7cae2e68cf31e7c66877bb44fe7d7ee4ee75061c"}
,"/Users/cseibert/Workspace/ef-cms/web-client/src/presenter/actions/clearWorkItemActionMapAction.js": {"path":"/Users/cseibert/Workspace/ef-cms/web-client/src/presenter/actions/clearWorkItemActionMapAction.js","statementMap":{"0":{"start":{"line":4,"column":2},"end":{"line":4,"column":39}}},"fnMap":{"0":{"name":"(anonymous_0)","decl":{"start":{"line":3,"column":15},"end":{"line":3,"column":16}},"loc":{"start":{"line":3,"column":30},"end":{"line":5,"column":1}},"line":3}},"branchMap":{},"s":{"0":3},"f":{"0":3},"b":{},"_coverageSchema":"332fd63041d2c1bcb487cc26dd0d5f7d97098a6c","hash":"345ea0720f082274f8010826e2aabdad506edd54"}
,"/Users/cseibert/Workspace/ef-cms/web-client/src/presenter/actions/completeWorkItemAction.js": {"path":"/Users/cseibert/Workspace/ef-cms/web-client/src/presenter/actions/completeWorkItemAction.js","statementMap":{"0":{"start":{"line":4,"column":31},"end":{"line":4,"column":55}},"1":{"start":{"line":6,"column":21},"end":{"line":6,"column":42}},"2":{"start":{"line":7,"column":18},"end":{"line":7,"column":20}},"3":{"start":{"line":9,"column":2},"end":{"line":11,"column":4}},"4":{"start":{"line":10,"column":17},"end":{"line":10,"column":66}},"5":{"start":{"line":12,"column":27},"end":{"line":14,"column":3}},"6":{"start":{"line":13,"column":16},"end":{"line":13,"column":56}},"7":{"start":{"line":15,"column":23},"end":{"line":15,"column":46}},"8":{"start":{"line":17,"column":4},"end":{"line":18,"column":25}},"9":{"start":{"line":20,"column":2},"end":{"line":20,"column":54}},"10":{"start":{"line":21,"column":2},"end":{"line":28,"column":4}},"11":{"start":{"line":30,"column":2},"end":{"line":33,"column":3}},"12":{"start":{"line":31,"column":4},"end":{"line":31,"column":56}},"13":{"start":{"line":32,"column":4},"end":{"line":32,"column":57}},"14":{"start":{"line":35,"column":2},"end":{"line":35,"column":42}},"15":{"start":{"line":37,"column":19},"end":{"line":37,"column":51}},"16":{"start":{"line":39,"column":2},"end":{"line":44,"column":5}},"17":{"start":{"line":46,"column":2},"end":{"line":46,"column":24}}},"fnMap":{"0":{"name":"(anonymous_0)","decl":{"start":{"line":3,"column":15},"end":{"line":3,"column":16}},"loc":{"start":{"line":3,"column":74},"end":{"line":47,"column":1}},"line":3},"1":{"name":"(anonymous_1)","decl":{"start":{"line":10,"column":4},"end":{"line":10,"column":5}},"loc":{"start":{"line":10,"column":17},"end":{"line":10,"column":66}},"line":10},"2":{"name":"(anonymous_2)","decl":{"start":{"line":13,"column":4},"end":{"line":13,"column":5}},"loc":{"start":{"line":13,"column":16},"end":{"line":13,"column":56}},"line":13}},"branchMap":{"0":{"loc":{"start":{"line":17,"column":4},"end":{"line":18,"column":25}},"type":"binary-expr","locations":[{"start":{"line":17,"column":4},"end":{"line":17,"column":58}},{"start":{"line":18,"column":4},"end":{"line":18,"column":25}}],"line":17},"1":{"loc":{"start":{"line":17,"column":5},"end":{"line":17,"column":41}},"type":"binary-expr","locations":[{"start":{"line":17,"column":5},"end":{"line":17,"column":35}},{"start":{"line":17,"column":39},"end":{"line":17,"column":41}}],"line":17},"2":{"loc":{"start":{"line":30,"column":2},"end":{"line":33,"column":3}},"type":"if","locations":[{"start":{"line":30,"column":2},"end":{"line":33,"column":3}},{"start":{"line":30,"column":2},"end":{"line":33,"column":3}}],"line":30}},"s":{"0":1,"1":1,"2":1,"3":1,"4":3,"5":1,"6":3,"7":1,"8":1,"9":1,"10":1,"11":1,"12":0,"13":0,"14":1,"15":1,"16":1,"17":1},"f":{"0":1,"1":3,"2":3},"b":{"0":[1,0],"1":[1,0],"2":[0,1]},"_coverageSchema":"332fd63041d2c1bcb487cc26dd0d5f7d97098a6c","hash":"5469d8d2089e12a0bbcc7893b71fbdb065eb76ca"}
,"/Users/cseibert/Workspace/ef-cms/web-client/src/presenter/actions/createCaseAction.js": {"path":"/Users/cseibert/Workspace/ef-cms/web-client/src/presenter/actions/createCaseAction.js","statementMap":{"0":{"start":{"line":5,"column":2},"end":{"line":41,"column":3}},"1":{"start":{"line":6,"column":29},"end":{"line":6,"column":48}},"2":{"start":{"line":7,"column":21},"end":{"line":7,"column":53}},"3":{"start":{"line":9,"column":28},"end":{"line":14,"column":5}},"4":{"start":{"line":10,"column":6},"end":{"line":13,"column":8}},"5":{"start":{"line":16,"column":17},"end":{"line":24,"column":5}},"6":{"start":{"line":26,"column":4},"end":{"line":31,"column":7}},"7":{"start":{"line":33,"column":4},"end":{"line":33,"column":26}},"8":{"start":{"line":35,"column":4},"end":{"line":40,"column":7}}},"fnMap":{"0":{"name":"(anonymous_0)","decl":{"start":{"line":4,"column":15},"end":{"line":4,"column":16}},"loc":{"start":{"line":4,"column":67},"end":{"line":42,"column":1}},"line":4},"1":{"name":"(anonymous_1)","decl":{"start":{"line":9,"column":28},"end":{"line":9,"column":29}},"loc":{"start":{"line":9,"column":34},"end":{"line":14,"column":5}},"line":9}},"branchMap":{},"s":{"0":1,"1":1,"2":1,"3":1,"4":1,"5":1,"6":1,"7":1,"8":0},"f":{"0":1,"1":1},"b":{},"_coverageSchema":"332fd63041d2c1bcb487cc26dd0d5f7d97098a6c","hash":"638f53c0eb30f25fd8b6d4e629b7299a829b9608"}
,"/Users/cseibert/Workspace/ef-cms/web-client/src/presenter/actions/expireFormSaveSuccessAction.js": {"path":"/Users/cseibert/Workspace/ef-cms/web-client/src/presenter/actions/expireFormSaveSuccessAction.js","statementMap":{"0":{"start":{"line":4,"column":28},"end":{"line":4,"column":32}},"1":{"start":{"line":5,"column":2},"end":{"line":7,"column":24}},"2":{"start":{"line":6,"column":4},"end":{"line":6,"column":49}}},"fnMap":{"0":{"name":"(anonymous_0)","decl":{"start":{"line":3,"column":15},"end":{"line":3,"column":16}},"loc":{"start":{"line":3,"column":30},"end":{"line":8,"column":1}},"line":3},"1":{"name":"(anonymous_1)","decl":{"start":{"line":5,"column":13},"end":{"line":5,"column":14}},"loc":{"start":{"line":5,"column":19},"end":{"line":7,"column":3}},"line":5}},"branchMap":{},"s":{"0":1,"1":1,"2":0},"f":{"0":1,"1":0},"b":{},"_coverageSchema":"332fd63041d2c1bcb487cc26dd0d5f7d97098a6c","hash":"d5db70145e4d5fcb5b778736f3bac3f46680aac6"}
,"/Users/cseibert/Workspace/ef-cms/web-client/src/presenter/actions/fileRespondentDocumentAction.js": {"path":"/Users/cseibert/Workspace/ef-cms/web-client/src/presenter/actions/fileRespondentDocumentAction.js","statementMap":{"0":{"start":{"line":4,"column":23},"end":{"line":4,"column":44}},"1":{"start":{"line":6,"column":23},"end":{"line":6,"column":55}},"2":{"start":{"line":8,"column":15},"end":{"line":8,"column":30}},"3":{"start":{"line":10,"column":2},"end":{"line":16,"column":5}},"4":{"start":{"line":18,"column":2},"end":{"line":24,"column":4}}},"fnMap":{"0":{"name":"(anonymous_0)","decl":{"start":{"line":3,"column":15},"end":{"line":3,"column":16}},"loc":{"start":{"line":3,"column":54},"end":{"line":25,"column":1}},"line":3}},"branchMap":{},"s":{"0":2,"1":2,"2":2,"3":2,"4":2},"f":{"0":2},"b":{},"_coverageSchema":"332fd63041d2c1bcb487cc26dd0d5f7d97098a6c","hash":"22223e9616fa273687456c1f4348d87ded10ed10"}
,"/Users/cseibert/Workspace/ef-cms/web-client/src/presenter/actions/formatSearchParamsAction.js": {"path":"/Users/cseibert/Workspace/ef-cms/web-client/src/presenter/actions/formatSearchParamsAction.js","statementMap":{"0":{"start":{"line":1,"column":0},"end":{"line":null,"column":-1}},"1":{"start":{"line":3,"column":28},"end":{"line":3,"column":27}},"2":{"start":{"line":4,"column":26},"end":{"line":4,"column":2}},"3":{"start":{"line":5,"column":2},"end":{"line":null,"column":-1}}},"fnMap":{},"branchMap":{},"s":{"0":0,"1":0,"2":0,"3":0},"f":{},"b":{}}
,"/Users/cseibert/Workspace/ef-cms/web-client/src/presenter/actions/forwardWorkItemAction.js": {"path":"/Users/cseibert/Workspace/ef-cms/web-client/src/presenter/actions/forwardWorkItemAction.js","statementMap":{"0":{"start":{"line":4,"column":25},"end":{"line":4,"column":30}},"1":{"start":{"line":6,"column":15},"end":{"line":6,"column":48}},"2":{"start":{"line":7,"column":17},"end":{"line":7,"column":39}},"3":{"start":{"line":9,"column":19},"end":{"line":9,"column":51}},"4":{"start":{"line":10,"column":2},"end":{"line":41,"column":3}},"5":{"start":{"line":11,"column":28},"end":{"line":17,"column":6}},"6":{"start":{"line":20,"column":23},"end":{"line":20,"column":44}},"7":{"start":{"line":21,"column":22},"end":{"line":24,"column":5}},"8":{"start":{"line":22,"column":27},"end":{"line":22,"column":68}},"9":{"start":{"line":25,"column":21},"end":{"line":25,"column":75}},"10":{"start":{"line":25,"column":44},"end":{"line":25,"column":74}},"11":{"start":{"line":26,"column":4},"end":{"line":26,"column":45}},"12":{"start":{"line":27,"column":4},"end":{"line":27,"column":44}},"13":{"start":{"line":29,"column":4},"end":{"line":34,"column":7}},"14":{"start":{"line":36,"column":4},"end":{"line":40,"column":7}}},"fnMap":{"0":{"name":"(anonymous_0)","decl":{"start":{"line":3,"column":15},"end":{"line":3,"column":16}},"loc":{"start":{"line":3,"column":74},"end":{"line":42,"column":1}},"line":3},"1":{"name":"(anonymous_1)","decl":{"start":{"line":22,"column":6},"end":{"line":22,"column":7}},"loc":{"start":{"line":22,"column":27},"end":{"line":22,"column":68}},"line":22},"2":{"name":"(anonymous_2)","decl":{"start":{"line":25,"column":36},"end":{"line":25,"column":37}},"loc":{"start":{"line":25,"column":44},"end":{"line":25,"column":74}},"line":25}},"branchMap":{"0":{"loc":{"start":{"line":22,"column":42},"end":{"line":22,"column":66}},"type":"binary-expr","locations":[{"start":{"line":22,"column":42},"end":{"line":22,"column":60}},{"start":{"line":22,"column":64},"end":{"line":22,"column":66}}],"line":22}},"s":{"0":1,"1":1,"2":1,"3":1,"4":1,"5":1,"6":1,"7":1,"8":3,"9":1,"10":3,"11":1,"12":1,"13":1,"14":0},"f":{"0":1,"1":3,"2":3},"b":{"0":[3,0]},"_coverageSchema":"332fd63041d2c1bcb487cc26dd0d5f7d97098a6c","hash":"09499119e8606ef203250deb95f78977299f3be2"}
,"/Users/cseibert/Workspace/ef-cms/web-client/src/presenter/actions/getCaseAction.js": {"path":"/Users/cseibert/Workspace/ef-cms/web-client/src/presenter/actions/getCaseAction.js","statementMap":{"0":{"start":{"line":4,"column":21},"end":{"line":8,"column":4}},"1":{"start":{"line":9,"column":2},"end":{"line":9,"column":24}}},"fnMap":{"0":{"name":"(anonymous_0)","decl":{"start":{"line":3,"column":15},"end":{"line":3,"column":16}},"loc":{"start":{"line":3,"column":61},"end":{"line":10,"column":1}},"line":3}},"branchMap":{},"s":{"0":14,"1":14},"f":{"0":14},"b":{},"_coverageSchema":"332fd63041d2c1bcb487cc26dd0d5f7d97098a6c","hash":"98050be3a25689b22fbeb324b188bb994f465020"}
,"/Users/cseibert/Workspace/ef-cms/web-client/src/presenter/actions/getCaseTypesAction.js": {"path":"/Users/cseibert/Workspace/ef-cms/web-client/src/presenter/actions/getCaseTypesAction.js","statementMap":{"0":{"start":{"line":4,"column":19},"end":{"line":4,"column":51}},"1":{"start":{"line":5,"column":20},"end":{"line":7,"column":4}},"2":{"start":{"line":8,"column":2},"end":{"line":17,"column":3}},"3":{"start":{"line":9,"column":4},"end":{"line":9,"column":39}},"4":{"start":{"line":11,"column":4},"end":{"line":16,"column":7}}},"fnMap":{"0":{"name":"(anonymous_0)","decl":{"start":{"line":3,"column":15},"end":{"line":3,"column":16}},"loc":{"start":{"line":3,"column":60},"end":{"line":18,"column":1}},"line":3}},"branchMap":{"0":{"loc":{"start":{"line":8,"column":2},"end":{"line":17,"column":3}},"type":"if","locations":[{"start":{"line":8,"column":2},"end":{"line":17,"column":3}},{"start":{"line":8,"column":2},"end":{"line":17,"column":3}}],"line":8}},"s":{"0":3,"1":3,"2":3,"3":3,"4":0},"f":{"0":3},"b":{"0":[3,0]},"_coverageSchema":"332fd63041d2c1bcb487cc26dd0d5f7d97098a6c","hash":"9213d60eb5d24a62020afd7f0279845bf95562d4"}
,"/Users/cseibert/Workspace/ef-cms/web-client/src/presenter/actions/getCasesByUserAction.js": {"path":"/Users/cseibert/Workspace/ef-cms/web-client/src/presenter/actions/getCasesByUserAction.js","statementMap":{"0":{"start":{"line":5,"column":19},"end":{"line":5,"column":51}},"1":{"start":{"line":6,"column":17},"end":{"line":6,"column":39}},"2":{"start":{"line":7,"column":17},"end":{"line":10,"column":4}},"3":{"start":{"line":11,"column":2},"end":{"line":11,"column":54}},"4":{"start":{"line":12,"column":2},"end":{"line":12,"column":36}}},"fnMap":{"0":{"name":"(anonymous_0)","decl":{"start":{"line":4,"column":15},"end":{"line":4,"column":16}},"loc":{"start":{"line":4,"column":60},"end":{"line":13,"column":1}},"line":4}},"branchMap":{},"s":{"0":7,"1":7,"2":7,"3":7,"4":7},"f":{"0":7},"b":{},"_coverageSchema":"332fd63041d2c1bcb487cc26dd0d5f7d97098a6c","hash":"ea8c6ca2f4116a2a50f9442b4003f5a8a62807d7"}
,"/Users/cseibert/Workspace/ef-cms/web-client/src/presenter/actions/getCasesNewAction.js": {"path":"/Users/cseibert/Workspace/ef-cms/web-client/src/presenter/actions/getCasesNewAction.js","statementMap":{"0":{"start":{"line":1,"column":0},"end":{"line":null,"column":-1}},"1":{"start":{"line":2,"column":0},"end":{"line":null,"column":-1}},"2":{"start":{"line":4,"column":15},"end":{"line":null,"column":-1}},"3":{"start":{"line":4,"column":24},"end":{"line":4,"column":15}},"4":{"start":{"line":5,"column":8},"end":{"line":4,"column":15}},"5":{"start":{"line":6,"column":6},"end":{"line":4,"column":15}},"6":{"start":{"line":11,"column":2},"end":{"line":null,"column":-1}}},"fnMap":{"0":{"name":"_callee$","decl":{"start":{"line":4,"column":15},"end":{"line":null,"column":-1}},"loc":{"start":{"line":4,"column":15},"end":{"line":null,"column":-1}}}},"branchMap":{"0":{"loc":{"start":{"line":4,"column":15},"end":{"line":null,"column":-1}},"type":"switch","locations":[{"start":{"line":4,"column":15},"end":{"line":null,"column":-1}},{"start":{"line":4,"column":15},"end":{"line":null,"column":-1}},{"start":{"line":4,"column":15},"end":{"line":null,"column":-1}},{"start":{"line":4,"column":15},"end":{"line":null,"column":-1}}]}},"s":{"0":0,"1":0,"2":0,"3":0,"4":0,"5":0,"6":0},"f":{"0":0},"b":{"0":[0,0,0,0]}}
,"/Users/cseibert/Workspace/ef-cms/web-client/src/presenter/actions/getCreateCaseAlertSuccessAction.js": {"path":"/Users/cseibert/Workspace/ef-cms/web-client/src/presenter/actions/getCreateCaseAlertSuccessAction.js","statementMap":{"0":{"start":{"line":2,"column":2},"end":{"line":7,"column":4}}},"fnMap":{"0":{"name":"(anonymous_0)","decl":{"start":{"line":1,"column":15},"end":{"line":1,"column":16}},"loc":{"start":{"line":1,"column":21},"end":{"line":8,"column":1}},"line":1}},"branchMap":{},"s":{"0":1},"f":{"0":1},"b":{},"_coverageSchema":"332fd63041d2c1bcb487cc26dd0d5f7d97098a6c","hash":"7f53fc6106c1556fd8f0d99674846e1afc29d082"}
,"/Users/cseibert/Workspace/ef-cms/web-client/src/presenter/actions/getDocumentAction.js": {"path":"/Users/cseibert/Workspace/ef-cms/web-client/src/presenter/actions/getDocumentAction.js","statementMap":{"0":{"start":{"line":2,"column":23},"end":{"line":7,"column":6}},"1":{"start":{"line":8,"column":2},"end":{"line":8,"column":31}}},"fnMap":{"0":{"name":"(anonymous_0)","decl":{"start":{"line":1,"column":15},"end":{"line":1,"column":16}},"loc":{"start":{"line":1,"column":56},"end":{"line":9,"column":1}},"line":1}},"branchMap":{},"s":{"0":1,"1":1},"f":{"0":1},"b":{},"_coverageSchema":"332fd63041d2c1bcb487cc26dd0d5f7d97098a6c","hash":"c7b29b5f975880c873297ebcd5a460f32e597a1c"}
,"/Users/cseibert/Workspace/ef-cms/web-client/src/presenter/actions/getDocumentTypeAction.js": {"path":"/Users/cseibert/Workspace/ef-cms/web-client/src/presenter/actions/getDocumentTypeAction.js","statementMap":{"0":{"start":{"line":5,"column":23},"end":{"line":5,"column":55}},"1":{"start":{"line":6,"column":2},"end":{"line":13,"column":3}},"2":{"start":{"line":8,"column":6},"end":{"line":8,"column":30}},"3":{"start":{"line":10,"column":6},"end":{"line":10,"column":42}},"4":{"start":{"line":12,"column":6},"end":{"line":12,"column":31}}},"fnMap":{"0":{"name":"(anonymous_0)","decl":{"start":{"line":4,"column":15},"end":{"line":4,"column":16}},"loc":{"start":{"line":4,"column":40},"end":{"line":14,"column":1}},"line":4}},"branchMap":{"0":{"loc":{"start":{"line":6,"column":2},"end":{"line":13,"column":3}},"type":"switch","locations":[{"start":{"line":7,"column":4},"end":{"line":8,"column":30}},{"start":{"line":9,"column":4},"end":{"line":10,"column":42}},{"start":{"line":11,"column":4},"end":{"line":12,"column":31}}],"line":6}},"s":{"0":2,"1":2,"2":1,"3":1,"4":0},"f":{"0":2},"b":{"0":[1,1,0]},"_coverageSchema":"332fd63041d2c1bcb487cc26dd0d5f7d97098a6c","hash":"3496f3c0871a3b97e341f5719c6759163467e1e6"}
,"/Users/cseibert/Workspace/ef-cms/web-client/src/presenter/actions/getFileDocumentAlertSuccessAction.js": {"path":"/Users/cseibert/Workspace/ef-cms/web-client/src/presenter/actions/getFileDocumentAlertSuccessAction.js","statementMap":{"0":{"start":{"line":2,"column":2},"end":{"line":null,"column":-1}}},"fnMap":{},"branchMap":{},"s":{"0":0},"f":{},"b":{}}
,"/Users/cseibert/Workspace/ef-cms/web-client/src/presenter/actions/getFormCombinedWithCaseDetailAction.js": {"path":"/Users/cseibert/Workspace/ef-cms/web-client/src/presenter/actions/getFormCombinedWithCaseDetailAction.js","statementMap":{"0":{"start":{"line":5,"column":25},"end":{"line":21,"column":1}},"1":{"start":{"line":6,"column":2},"end":{"line":9,"column":15}},"2":{"start":{"line":8,"column":20},"end":{"line":8,"column":44}},"3":{"start":{"line":10,"column":2},"end":{"line":20,"column":3}},"4":{"start":{"line":11,"column":4},"end":{"line":11,"column":79}},"5":{"start":{"line":12,"column":9},"end":{"line":20,"column":3}},"6":{"start":{"line":13,"column":4},"end":{"line":13,"column":68}},"7":{"start":{"line":14,"column":9},"end":{"line":20,"column":3}},"8":{"start":{"line":15,"column":4},"end":{"line":17,"column":21}},"9":{"start":{"line":19,"column":4},"end":{"line":19,"column":16}},"10":{"start":{"line":23,"column":18},"end":{"line":43,"column":1}},"11":{"start":{"line":24,"column":26},"end":{"line":24,"column":36}},"12":{"start":{"line":25,"column":2},"end":{"line":41,"column":3}},"13":{"start":{"line":26,"column":4},"end":{"line":26,"column":29}},"14":{"start":{"line":28,"column":4},"end":{"line":40,"column":5}},"15":{"start":{"line":32,"column":6},"end":{"line":32,"column":55}},"16":{"start":{"line":35,"column":6},"end":{"line":39,"column":7}},"17":{"start":{"line":36,"column":8},"end":{"line":36,"column":41}},"18":{"start":{"line":38,"column":8},"end":{"line":38,"column":33}},"19":{"start":{"line":42,"column":2},"end":{"line":42,"column":27}},"20":{"start":{"line":46,"column":21},"end":{"line":46,"column":49}},"21":{"start":{"line":47,"column":76},"end":{"line":49,"column":3}},"22":{"start":{"line":51,"column":15},"end":{"line":66,"column":3}},"23":{"start":{"line":68,"column":2},"end":{"line":68,"column":79}},"24":{"start":{"line":69,"column":2},"end":{"line":69,"column":70}},"25":{"start":{"line":71,"column":2},"end":{"line":80,"column":8}},"26":{"start":{"line":73,"column":6},"end":{"line":73,"column":50}},"27":{"start":{"line":75,"column":24},"end":{"line":80,"column":5}},"28":{"start":{"line":82,"column":2},"end":{"line":88,"column":4}}},"fnMap":{"0":{"name":"(anonymous_0)","decl":{"start":{"line":5,"column":25},"end":{"line":5,"column":26}},"loc":{"start":{"line":5,"column":39},"end":{"line":21,"column":1}},"line":5},"1":{"name":"(anonymous_1)","decl":{"start":{"line":8,"column":9},"end":{"line":8,"column":10}},"loc":{"start":{"line":8,"column":20},"end":{"line":8,"column":44}},"line":8},"2":{"name":"(anonymous_2)","decl":{"start":{"line":23,"column":18},"end":{"line":23,"column":19}},"loc":{"start":{"line":23,"column":55},"end":{"line":43,"column":1}},"line":23},"3":{"name":"(anonymous_3)","decl":{"start":{"line":45,"column":15},"end":{"line":45,"column":16}},"loc":{"start":{"line":45,"column":28},"end":{"line":89,"column":1}},"line":45},"4":{"name":"(anonymous_4)","decl":{"start":{"line":72,"column":12},"end":{"line":72,"column":13}},"loc":{"start":{"line":72,"column":26},"end":{"line":74,"column":5}},"line":72},"5":{"name":"(anonymous_5)","decl":{"start":{"line":75,"column":9},"end":{"line":75,"column":10}},"loc":{"start":{"line":75,"column":24},"end":{"line":80,"column":5}},"line":75}},"branchMap":{"0":{"loc":{"start":{"line":10,"column":2},"end":{"line":20,"column":3}},"type":"if","locations":[{"start":{"line":10,"column":2},"end":{"line":20,"column":3}},{"start":{"line":10,"column":2},"end":{"line":20,"column":3}}],"line":10},"1":{"loc":{"start":{"line":12,"column":9},"end":{"line":20,"column":3}},"type":"if","locations":[{"start":{"line":12,"column":9},"end":{"line":20,"column":3}},{"start":{"line":12,"column":9},"end":{"line":20,"column":3}}],"line":12},"2":{"loc":{"start":{"line":14,"column":9},"end":{"line":20,"column":3}},"type":"if","locations":[{"start":{"line":14,"column":9},"end":{"line":20,"column":3}},{"start":{"line":14,"column":9},"end":{"line":20,"column":3}}],"line":14},"3":{"loc":{"start":{"line":25,"column":2},"end":{"line":41,"column":3}},"type":"if","locations":[{"start":{"line":25,"column":2},"end":{"line":41,"column":3}},{"start":{"line":25,"column":2},"end":{"line":41,"column":3}}],"line":25},"4":{"loc":{"start":{"line":28,"column":4},"end":{"line":40,"column":5}},"type":"if","locations":[{"start":{"line":28,"column":4},"end":{"line":40,"column":5}},{"start":{"line":28,"column":4},"end":{"line":40,"column":5}}],"line":28},"5":{"loc":{"start":{"line":29,"column":6},"end":{"line":30,"column":45}},"type":"binary-expr","locations":[{"start":{"line":29,"column":6},"end":{"line":29,"column":51}},{"start":{"line":30,"column":6},"end":{"line":30,"column":45}}],"line":29},"6":{"loc":{"start":{"line":35,"column":6},"end":{"line":39,"column":7}},"type":"if","locations":[{"start":{"line":35,"column":6},"end":{"line":39,"column":7}},{"start":{"line":35,"column":6},"end":{"line":39,"column":7}}],"line":35},"7":{"loc":{"start":{"line":71,"column":28},"end":{"line":71,"column":64}},"type":"binary-expr","locations":[{"start":{"line":71,"column":28},"end":{"line":71,"column":58}},{"start":{"line":71,"column":62},"end":{"line":71,"column":64}}],"line":71},"8":{"loc":{"start":{"line":71,"column":29},"end":{"line":71,"column":45}},"type":"binary-expr","locations":[{"start":{"line":71,"column":29},"end":{"line":71,"column":39}},{"start":{"line":71,"column":43},"end":{"line":71,"column":45}}],"line":71},"9":{"loc":{"start":{"line":73,"column":13},"end":{"line":73,"column":49}},"type":"binary-expr","locations":[{"start":{"line":73,"column":13},"end":{"line":73,"column":30}},{"start":{"line":73,"column":34},"end":{"line":73,"column":49}}],"line":73},"10":{"loc":{"start":{"line":76,"column":14},"end":{"line":78,"column":71}},"type":"cond-expr","locations":[{"start":{"line":77,"column":10},"end":{"line":77,"column":14}},{"start":{"line":78,"column":10},"end":{"line":78,"column":71}}],"line":76},"11":{"loc":{"start":{"line":86,"column":16},"end":{"line":86,"column":71}},"type":"cond-expr","locations":[{"start":{"line":86,"column":45},"end":{"line":86,"column":49}},{"start":{"line":86,"column":52},"end":{"line":86,"column":71}}],"line":86}},"s":{"0":3,"1":23,"2":43,"3":23,"4":13,"5":10,"6":9,"7":1,"8":0,"9":1,"10":3,"11":26,"12":26,"13":15,"14":11,"15":10,"16":1,"17":1,"18":0,"19":26,"20":13,"21":13,"22":13,"23":13,"24":13,"25":13,"26":13,"27":13,"28":13},"f":{"0":23,"1":43,"2":26,"3":13,"4":13,"5":13},"b":{"0":[13,10],"1":[9,1],"2":[0,1],"3":[15,11],"4":[10,1],"5":[11,11],"6":[1,0],"7":[13,0],"8":[13,0],"9":[13,1],"10":[1,12],"11":[0,13]},"_coverageSchema":"332fd63041d2c1bcb487cc26dd0d5f7d97098a6c","hash":"0236d01e056e97a2373f5a6192edae7e77ca7058"}
,"/Users/cseibert/Workspace/ef-cms/web-client/src/presenter/actions/getInternalUsersAction.js": {"path":"/Users/cseibert/Workspace/ef-cms/web-client/src/presenter/actions/getInternalUsersAction.js","statementMap":{"0":{"start":{"line":2,"column":16},"end":{"line":4,"column":45}},"1":{"start":{"line":5,"column":2},"end":{"line":16,"column":3}},"2":{"start":{"line":6,"column":4},"end":{"line":11,"column":7}},"3":{"start":{"line":13,"column":4},"end":{"line":15,"column":7}}},"fnMap":{"0":{"name":"(anonymous_0)","decl":{"start":{"line":1,"column":15},"end":{"line":1,"column":16}},"loc":{"start":{"line":1,"column":55},"end":{"line":17,"column":1}},"line":1}},"branchMap":{"0":{"loc":{"start":{"line":5,"column":2},"end":{"line":16,"column":3}},"type":"if","locations":[{"start":{"line":5,"column":2},"end":{"line":16,"column":3}},{"start":{"line":5,"column":2},"end":{"line":16,"column":3}}],"line":5},"1":{"loc":{"start":{"line":5,"column":6},"end":{"line":5,"column":29}},"type":"binary-expr","locations":[{"start":{"line":5,"column":6},"end":{"line":5,"column":12}},{"start":{"line":5,"column":16},"end":{"line":5,"column":29}}],"line":5}},"s":{"0":3,"1":3,"2":0,"3":3},"f":{"0":3},"b":{"0":[0,3],"1":[3,3]},"_coverageSchema":"332fd63041d2c1bcb487cc26dd0d5f7d97098a6c","hash":"441128d38a486029b1c7d955ab0bd556844cfd40"}
,"/Users/cseibert/Workspace/ef-cms/web-client/src/presenter/actions/getProcedureTypesAction.js": {"path":"/Users/cseibert/Workspace/ef-cms/web-client/src/presenter/actions/getProcedureTypesAction.js","statementMap":{"0":{"start":{"line":4,"column":19},"end":{"line":4,"column":51}},"1":{"start":{"line":5,"column":25},"end":{"line":7,"column":4}},"2":{"start":{"line":8,"column":2},"end":{"line":17,"column":3}},"3":{"start":{"line":9,"column":4},"end":{"line":9,"column":44}},"4":{"start":{"line":11,"column":4},"end":{"line":16,"column":7}}},"fnMap":{"0":{"name":"(anonymous_0)","decl":{"start":{"line":3,"column":15},"end":{"line":3,"column":16}},"loc":{"start":{"line":3,"column":60},"end":{"line":18,"column":1}},"line":3}},"branchMap":{"0":{"loc":{"start":{"line":8,"column":2},"end":{"line":17,"column":3}},"type":"if","locations":[{"start":{"line":8,"column":2},"end":{"line":17,"column":3}},{"start":{"line":8,"column":2},"end":{"line":17,"column":3}}],"line":8}},"s":{"0":3,"1":3,"2":3,"3":3,"4":0},"f":{"0":3},"b":{"0":[3,0]},"_coverageSchema":"332fd63041d2c1bcb487cc26dd0d5f7d97098a6c","hash":"47dce145ff4217b4a714a53bd448aa3d2e3f30e6"}
,"/Users/cseibert/Workspace/ef-cms/web-client/src/presenter/actions/getSelectedWorkItemsAction.js": {"path":"/Users/cseibert/Workspace/ef-cms/web-client/src/presenter/actions/getSelectedWorkItemsAction.js","statementMap":{"0":{"start":{"line":1,"column":0},"end":{"line":null,"column":-1}},"1":{"start":{"line":3,"column":15},"end":{"line":null,"column":-1}},"2":{"start":{"line":3,"column":24},"end":{"line":3,"column":15}}},"fnMap":{"0":{"name":"_callee$","decl":{"start":{"line":3,"column":15},"end":{"line":null,"column":-1}},"loc":{"start":{"line":3,"column":15},"end":{"line":null,"column":-1}}}},"branchMap":{"0":{"loc":{"start":{"line":3,"column":15},"end":{"line":null,"column":-1}},"type":"switch","locations":[{"start":{"line":3,"column":15},"end":{"line":null,"column":-1}},{"start":{"line":3,"column":15},"end":{"line":null,"column":-1}},{"start":{"line":3,"column":15},"end":{"line":null,"column":-1}}]}},"s":{"0":0,"1":0,"2":0},"f":{"0":0},"b":{"0":[0,0,0]}}
,"/Users/cseibert/Workspace/ef-cms/web-client/src/presenter/actions/getTrialCitiesAction.js": {"path":"/Users/cseibert/Workspace/ef-cms/web-client/src/presenter/actions/getTrialCitiesAction.js","statementMap":{"0":{"start":{"line":2,"column":19},"end":{"line":2,"column":51}},"1":{"start":{"line":3,"column":22},"end":{"line":6,"column":4}},"2":{"start":{"line":7,"column":2},"end":{"line":16,"column":3}},"3":{"start":{"line":8,"column":4},"end":{"line":8,"column":41}},"4":{"start":{"line":10,"column":4},"end":{"line":15,"column":7}}},"fnMap":{"0":{"name":"(anonymous_0)","decl":{"start":{"line":1,"column":15},"end":{"line":1,"column":16}},"loc":{"start":{"line":1,"column":62},"end":{"line":17,"column":1}},"line":1}},"branchMap":{"0":{"loc":{"start":{"line":7,"column":2},"end":{"line":16,"column":3}},"type":"if","locations":[{"start":{"line":7,"column":2},"end":{"line":16,"column":3}},{"start":{"line":7,"column":2},"end":{"line":16,"column":3}}],"line":7}},"s":{"0":4,"1":4,"2":4,"3":4,"4":0},"f":{"0":4},"b":{"0":[4,0]},"_coverageSchema":"332fd63041d2c1bcb487cc26dd0d5f7d97098a6c","hash":"6eea7c99a5839de56601b0c443f488fcf5616c81"}
,"/Users/cseibert/Workspace/ef-cms/web-client/src/presenter/actions/getUserAction.js": {"path":"/Users/cseibert/Workspace/ef-cms/web-client/src/presenter/actions/getUserAction.js","statementMap":{"0":{"start":{"line":4,"column":19},"end":{"line":4,"column":51}},"1":{"start":{"line":5,"column":15},"end":{"line":5,"column":59}},"2":{"start":{"line":6,"column":2},"end":{"line":6,"column":42}},"3":{"start":{"line":6,"column":12},"end":{"line":6,"column":42}},"4":{"start":{"line":7,"column":2},"end":{"line":12,"column":5}}},"fnMap":{"0":{"name":"(anonymous_0)","decl":{"start":{"line":3,"column":15},"end":{"line":3,"column":16}},"loc":{"start":{"line":3,"column":60},"end":{"line":13,"column":1}},"line":3}},"branchMap":{"0":{"loc":{"start":{"line":6,"column":2},"end":{"line":6,"column":42}},"type":"if","locations":[{"start":{"line":6,"column":2},"end":{"line":6,"column":42}},{"start":{"line":6,"column":2},"end":{"line":6,"column":42}}],"line":6}},"s":{"0":12,"1":12,"2":12,"3":11,"4":1},"f":{"0":12},"b":{"0":[11,1]},"_coverageSchema":"332fd63041d2c1bcb487cc26dd0d5f7d97098a6c","hash":"c65b55c68b2a6998c2d957d0f8a8868398873153"}
,"/Users/cseibert/Workspace/ef-cms/web-client/src/presenter/actions/getUserRoleAction.js": {"path":"/Users/cseibert/Workspace/ef-cms/web-client/src/presenter/actions/getUserRoleAction.js","statementMap":{"0":{"start":{"line":4,"column":15},"end":{"line":4,"column":30}},"1":{"start":{"line":5,"column":2},"end":{"line":5,"column":27}}},"fnMap":{"0":{"name":"(anonymous_0)","decl":{"start":{"line":3,"column":15},"end":{"line":3,"column":16}},"loc":{"start":{"line":3,"column":34},"end":{"line":6,"column":1}},"line":3}},"branchMap":{},"s":{"0":30,"1":30},"f":{"0":30},"b":{},"_coverageSchema":"332fd63041d2c1bcb487cc26dd0d5f7d97098a6c","hash":"b105cdba22725cb9cdb0356e17907862e2bdafab"}
,"/Users/cseibert/Workspace/ef-cms/web-client/src/presenter/actions/getUsersInSectionAction.js": {"path":"/Users/cseibert/Workspace/ef-cms/web-client/src/presenter/actions/getUsersInSectionAction.js","statementMap":{"0":{"start":{"line":1,"column":26},"end":{"line":8,"column":1}},"1":{"start":{"line":2,"column":16},"end":{"line":4,"column":55}},"2":{"start":{"line":5,"column":2},"end":{"line":7,"column":4}}},"fnMap":{"0":{"name":"(anonymous_0)","decl":{"start":{"line":1,"column":15},"end":{"line":1,"column":16}},"loc":{"start":{"line":1,"column":26},"end":{"line":8,"column":1}},"line":1},"1":{"name":"(anonymous_1)","decl":{"start":{"line":1,"column":26},"end":{"line":1,"column":27}},"loc":{"start":{"line":1,"column":60},"end":{"line":8,"column":1}},"line":1}},"branchMap":{},"s":{"0":6,"1":12,"2":12},"f":{"0":6,"1":12},"b":{},"_coverageSchema":"332fd63041d2c1bcb487cc26dd0d5f7d97098a6c","hash":"2551a0f0506f4ee11d0d97316ec05f311d3ba79e"}
,"/Users/cseibert/Workspace/ef-cms/web-client/src/presenter/actions/getWorkItemAction.js": {"path":"/Users/cseibert/Workspace/ef-cms/web-client/src/presenter/actions/getWorkItemAction.js","statementMap":{"0":{"start":{"line":1,"column":0},"end":{"line":null,"column":-1}},"1":{"start":{"line":3,"column":15},"end":{"line":null,"column":-1}},"2":{"start":{"line":3,"column":24},"end":{"line":3,"column":15}},"3":{"start":{"line":4,"column":8},"end":{"line":3,"column":15}}},"fnMap":{"0":{"name":"_callee$","decl":{"start":{"line":3,"column":15},"end":{"line":null,"column":-1}},"loc":{"start":{"line":3,"column":15},"end":{"line":null,"column":-1}}}},"branchMap":{"0":{"loc":{"start":{"line":3,"column":15},"end":{"line":null,"column":-1}},"type":"switch","locations":[{"start":{"line":3,"column":15},"end":{"line":null,"column":-1}},{"start":{"line":3,"column":15},"end":{"line":null,"column":-1}},{"start":{"line":3,"column":15},"end":{"line":null,"column":-1}},{"start":{"line":3,"column":15},"end":{"line":null,"column":-1}}]}},"s":{"0":0,"1":0,"2":0,"3":0},"f":{"0":0},"b":{"0":[0,0,0,0]}}
,"/Users/cseibert/Workspace/ef-cms/web-client/src/presenter/actions/getWorkItemsByUserAction.js": {"path":"/Users/cseibert/Workspace/ef-cms/web-client/src/presenter/actions/getWorkItemsByUserAction.js","statementMap":{"0":{"start":{"line":5,"column":19},"end":{"line":5,"column":51}},"1":{"start":{"line":6,"column":17},"end":{"line":6,"column":39}},"2":{"start":{"line":7,"column":18},"end":{"line":10,"column":4}},"3":{"start":{"line":11,"column":2},"end":{"line":11,"column":56}},"4":{"start":{"line":12,"column":2},"end":{"line":12,"column":23}}},"fnMap":{"0":{"name":"(anonymous_0)","decl":{"start":{"line":4,"column":15},"end":{"line":4,"column":16}},"loc":{"start":{"line":4,"column":54},"end":{"line":13,"column":1}},"line":4}},"branchMap":{},"s":{"0":18,"1":18,"2":18,"3":18,"4":18},"f":{"0":18},"b":{},"_coverageSchema":"332fd63041d2c1bcb487cc26dd0d5f7d97098a6c","hash":"1788749b38af57169eb7ba179e81372569136762"}
,"/Users/cseibert/Workspace/ef-cms/web-client/src/presenter/actions/getWorkItemsForSectionAction.js": {"path":"/Users/cseibert/Workspace/ef-cms/web-client/src/presenter/actions/getWorkItemsForSectionAction.js","statementMap":{"0":{"start":{"line":2,"column":15},"end":{"line":2,"column":50}},"1":{"start":{"line":3,"column":25},"end":{"line":9,"column":6}},"2":{"start":{"line":10,"column":2},"end":{"line":10,"column":30}}},"fnMap":{"0":{"name":"(anonymous_0)","decl":{"start":{"line":1,"column":15},"end":{"line":1,"column":16}},"loc":{"start":{"line":1,"column":49},"end":{"line":11,"column":1}},"line":1}},"branchMap":{},"s":{"0":15,"1":15,"2":15},"f":{"0":15},"b":{},"_coverageSchema":"332fd63041d2c1bcb487cc26dd0d5f7d97098a6c","hash":"af5f330bd5fde7b96a489eec993c164fd254e984"}
,"/Users/cseibert/Workspace/ef-cms/web-client/src/presenter/actions/isLoggedInAction.js": {"path":"/Users/cseibert/Workspace/ef-cms/web-client/src/presenter/actions/isLoggedInAction.js","statementMap":{"0":{"start":{"line":4,"column":15},"end":{"line":4,"column":30}},"1":{"start":{"line":5,"column":2},"end":{"line":9,"column":3}},"2":{"start":{"line":6,"column":4},"end":{"line":6,"column":58}},"3":{"start":{"line":8,"column":4},"end":{"line":8,"column":32}}},"fnMap":{"0":{"name":"(anonymous_0)","decl":{"start":{"line":3,"column":15},"end":{"line":3,"column":16}},"loc":{"start":{"line":3,"column":42},"end":{"line":10,"column":1}},"line":3}},"branchMap":{"0":{"loc":{"start":{"line":5,"column":2},"end":{"line":9,"column":3}},"type":"if","locations":[{"start":{"line":5,"column":2},"end":{"line":9,"column":3}},{"start":{"line":5,"column":2},"end":{"line":9,"column":3}}],"line":5}},"s":{"0":23,"1":23,"2":1,"3":22},"f":{"0":23},"b":{"0":[1,22]},"_coverageSchema":"332fd63041d2c1bcb487cc26dd0d5f7d97098a6c","hash":"08b4912fd8b850600b1a9110d7dd46b3680663ae"}
,"/Users/cseibert/Workspace/ef-cms/web-client/src/presenter/actions/navigateToCaseDetailAction.js": {"path":"/Users/cseibert/Workspace/ef-cms/web-client/src/presenter/actions/navigateToCaseDetailAction.js","statementMap":{"0":{"start":{"line":2,"column":2},"end":{"line":2,"column":53}}},"fnMap":{"0":{"name":"(anonymous_0)","decl":{"start":{"line":1,"column":15},"end":{"line":1,"column":16}},"loc":{"start":{"line":1,"column":44},"end":{"line":3,"column":1}},"line":1}},"branchMap":{},"s":{"0":1},"f":{"0":1},"b":{},"_coverageSchema":"332fd63041d2c1bcb487cc26dd0d5f7d97098a6c","hash":"b968a045cde81e256df3e4640602da9985c848d7"}
,"/Users/cseibert/Workspace/ef-cms/web-client/src/presenter/actions/navigateToDashboardAction.js": {"path":"/Users/cseibert/Workspace/ef-cms/web-client/src/presenter/actions/navigateToDashboardAction.js","statementMap":{"0":{"start":{"line":2,"column":2},"end":{"line":2,"column":26}}},"fnMap":{"0":{"name":"(anonymous_0)","decl":{"start":{"line":1,"column":15},"end":{"line":1,"column":16}},"loc":{"start":{"line":1,"column":37},"end":{"line":3,"column":1}},"line":1}},"branchMap":{},"s":{"0":4},"f":{"0":4},"b":{},"_coverageSchema":"332fd63041d2c1bcb487cc26dd0d5f7d97098a6c","hash":"79be90486261f7da75c3c9a5741efdeb56bd3810"}
,"/Users/cseibert/Workspace/ef-cms/web-client/src/presenter/actions/navigateToLoginAction.js": {"path":"/Users/cseibert/Workspace/ef-cms/web-client/src/presenter/actions/navigateToLoginAction.js","statementMap":{"0":{"start":{"line":2,"column":2},"end":{"line":2,"column":32}}},"fnMap":{"0":{"name":"(anonymous_0)","decl":{"start":{"line":1,"column":15},"end":{"line":1,"column":16}},"loc":{"start":{"line":1,"column":37},"end":{"line":3,"column":1}},"line":1}},"branchMap":{},"s":{"0":1},"f":{"0":1},"b":{},"_coverageSchema":"332fd63041d2c1bcb487cc26dd0d5f7d97098a6c","hash":"82d298616567bc82cb8267efb0784e6a30bd628b"}
,"/Users/cseibert/Workspace/ef-cms/web-client/src/presenter/actions/navigateToPathAction.js": {"path":"/Users/cseibert/Workspace/ef-cms/web-client/src/presenter/actions/navigateToPathAction.js","statementMap":{"0":{"start":{"line":4,"column":15},"end":{"line":4,"column":30}},"1":{"start":{"line":5,"column":2},"end":{"line":5,"column":27}}},"fnMap":{"0":{"name":"(anonymous_0)","decl":{"start":{"line":3,"column":15},"end":{"line":3,"column":16}},"loc":{"start":{"line":3,"column":42},"end":{"line":6,"column":1}},"line":3}},"branchMap":{},"s":{"0":11,"1":11},"f":{"0":11},"b":{},"_coverageSchema":"332fd63041d2c1bcb487cc26dd0d5f7d97098a6c","hash":"c47646fcb5eceeed41fbd621deb7043b199e8a94"}
,"/Users/cseibert/Workspace/ef-cms/web-client/src/presenter/actions/removeYearAmountAction.js": {"path":"/Users/cseibert/Workspace/ef-cms/web-client/src/presenter/actions/removeYearAmountAction.js","statementMap":{"0":{"start":{"line":4,"column":21},"end":{"line":4,"column":42}},"1":{"start":{"line":5,"column":20},"end":{"line":5,"column":25}},"2":{"start":{"line":6,"column":2},"end":{"line":9,"column":4}},"3":{"start":{"line":8,"column":50},"end":{"line":8,"column":63}}},"fnMap":{"0":{"name":"(anonymous_0)","decl":{"start":{"line":3,"column":15},"end":{"line":3,"column":16}},"loc":{"start":{"line":3,"column":48},"end":{"line":10,"column":1}},"line":3},"1":{"name":"(anonymous_1)","decl":{"start":{"line":8,"column":34},"end":{"line":8,"column":35}},"loc":{"start":{"line":8,"column":50},"end":{"line":8,"column":63}},"line":8}},"branchMap":{},"s":{"0":0,"1":0,"2":0,"3":0},"f":{"0":0,"1":0},"b":{},"_coverageSchema":"332fd63041d2c1bcb487cc26dd0d5f7d97098a6c","hash":"96e5517d52a5af2a7c560b1a1c8b553786b00d6b"}
,"/Users/cseibert/Workspace/ef-cms/web-client/src/presenter/actions/selectWorkItemAction.js": {"path":"/Users/cseibert/Workspace/ef-cms/web-client/src/presenter/actions/selectWorkItemAction.js","statementMap":{"0":{"start":{"line":4,"column":28},"end":{"line":4,"column":56}},"1":{"start":{"line":5,"column":2},"end":{"line":18,"column":3}},"2":{"start":{"line":7,"column":18},"end":{"line":7,"column":67}},"3":{"start":{"line":10,"column":4},"end":{"line":15,"column":6}},"4":{"start":{"line":13,"column":20},"end":{"line":13,"column":69}},"5":{"start":{"line":17,"column":4},"end":{"line":17,"column":79}}},"fnMap":{"0":{"name":"(anonymous_0)","decl":{"start":{"line":3,"column":15},"end":{"line":3,"column":16}},"loc":{"start":{"line":3,"column":42},"end":{"line":19,"column":1}},"line":3},"1":{"name":"(anonymous_1)","decl":{"start":{"line":7,"column":6},"end":{"line":7,"column":7}},"loc":{"start":{"line":7,"column":18},"end":{"line":7,"column":67}},"line":7},"2":{"name":"(anonymous_2)","decl":{"start":{"line":13,"column":8},"end":{"line":13,"column":9}},"loc":{"start":{"line":13,"column":20},"end":{"line":13,"column":69}},"line":13}},"branchMap":{"0":{"loc":{"start":{"line":5,"column":2},"end":{"line":18,"column":3}},"type":"if","locations":[{"start":{"line":5,"column":2},"end":{"line":18,"column":3}},{"start":{"line":5,"column":2},"end":{"line":18,"column":3}}],"line":5}},"s":{"0":3,"1":3,"2":0,"3":0,"4":0,"5":3},"f":{"0":3,"1":0,"2":0},"b":{"0":[0,3]},"_coverageSchema":"332fd63041d2c1bcb487cc26dd0d5f7d97098a6c","hash":"81cd7330f62519036c9afddfbe355260dcaca0c9"}
,"/Users/cseibert/Workspace/ef-cms/web-client/src/presenter/actions/sendPetitionToIrsAction.js": {"path":"/Users/cseibert/Workspace/ef-cms/web-client/src/presenter/actions/sendPetitionToIrsAction.js","statementMap":{"0":{"start":{"line":5,"column":19},"end":{"line":5,"column":51}},"1":{"start":{"line":7,"column":22},"end":{"line":11,"column":4}},"2":{"start":{"line":12,"column":2},"end":{"line":12,"column":58}},"3":{"start":{"line":13,"column":2},"end":{"line":18,"column":5}}},"fnMap":{"0":{"name":"(anonymous_0)","decl":{"start":{"line":4,"column":15},"end":{"line":4,"column":16}},"loc":{"start":{"line":4,"column":67},"end":{"line":19,"column":1}},"line":4}},"branchMap":{},"s":{"0":1,"1":1,"2":1,"3":1},"f":{"0":1},"b":{},"_coverageSchema":"332fd63041d2c1bcb487cc26dd0d5f7d97098a6c","hash":"030c45d5c1e4bd072dad22ea8628fd32c9ec2e5b"}
,"/Users/cseibert/Workspace/ef-cms/web-client/src/presenter/actions/setAlertErrorAction.js": {"path":"/Users/cseibert/Workspace/ef-cms/web-client/src/presenter/actions/setAlertErrorAction.js","statementMap":{"0":{"start":{"line":4,"column":2},"end":{"line":4,"column":48}}},"fnMap":{"0":{"name":"(anonymous_0)","decl":{"start":{"line":3,"column":15},"end":{"line":3,"column":16}},"loc":{"start":{"line":3,"column":37},"end":{"line":5,"column":1}},"line":3}},"branchMap":{},"s":{"0":3},"f":{"0":3},"b":{},"_coverageSchema":"332fd63041d2c1bcb487cc26dd0d5f7d97098a6c","hash":"b5e3640682a0f3465e5ec53cdf2070e1f2d114e7"}
,"/Users/cseibert/Workspace/ef-cms/web-client/src/presenter/actions/setAlertSuccessAction.js": {"path":"/Users/cseibert/Workspace/ef-cms/web-client/src/presenter/actions/setAlertSuccessAction.js","statementMap":{"0":{"start":{"line":4,"column":2},"end":{"line":4,"column":52}}},"fnMap":{"0":{"name":"(anonymous_0)","decl":{"start":{"line":3,"column":15},"end":{"line":3,"column":16}},"loc":{"start":{"line":3,"column":37},"end":{"line":5,"column":1}},"line":3}},"branchMap":{},"s":{"0":7},"f":{"0":7},"b":{},"_coverageSchema":"332fd63041d2c1bcb487cc26dd0d5f7d97098a6c","hash":"3aa4c5d899a370edbd16a51f8efaf803f75d197b"}
,"/Users/cseibert/Workspace/ef-cms/web-client/src/presenter/actions/setAssigneeIdAction.js": {"path":"/Users/cseibert/Workspace/ef-cms/web-client/src/presenter/actions/setAssigneeIdAction.js","statementMap":{"0":{"start":{"line":4,"column":2},"end":{"line":4,"column":48}},"1":{"start":{"line":5,"column":2},"end":{"line":5,"column":52}}},"fnMap":{"0":{"name":"(anonymous_0)","decl":{"start":{"line":3,"column":15},"end":{"line":3,"column":16}},"loc":{"start":{"line":3,"column":37},"end":{"line":6,"column":1}},"line":3}},"branchMap":{},"s":{"0":3,"1":3},"f":{"0":3},"b":{},"_coverageSchema":"332fd63041d2c1bcb487cc26dd0d5f7d97098a6c","hash":"1f9b844d4bd44aa05c1c0769d1643b65d59ef63f"}
,"/Users/cseibert/Workspace/ef-cms/web-client/src/presenter/actions/setBaseUrlAction.js": {"path":"/Users/cseibert/Workspace/ef-cms/web-client/src/presenter/actions/setBaseUrlAction.js","statementMap":{"0":{"start":{"line":4,"column":2},"end":{"line":4,"column":60}}},"fnMap":{"0":{"name":"(anonymous_0)","decl":{"start":{"line":3,"column":15},"end":{"line":3,"column":16}},"loc":{"start":{"line":3,"column":50},"end":{"line":5,"column":1}},"line":3}},"branchMap":{},"s":{"0":11},"f":{"0":11},"b":{},"_coverageSchema":"332fd63041d2c1bcb487cc26dd0d5f7d97098a6c","hash":"e33bf3fe1699e7bab5b5c9859284caf26a673498"}
,"/Users/cseibert/Workspace/ef-cms/web-client/src/presenter/actions/setCaseAction.js": {"path":"/Users/cseibert/Workspace/ef-cms/web-client/src/presenter/actions/setCaseAction.js","statementMap":{"0":{"start":{"line":4,"column":2},"end":{"line":4,"column":48}}},"fnMap":{"0":{"name":"(anonymous_0)","decl":{"start":{"line":3,"column":15},"end":{"line":3,"column":16}},"loc":{"start":{"line":3,"column":37},"end":{"line":5,"column":1}},"line":3}},"branchMap":{},"s":{"0":15},"f":{"0":15},"b":{},"_coverageSchema":"332fd63041d2c1bcb487cc26dd0d5f7d97098a6c","hash":"a2e1a36a0a394a132e3af476dc7f7d9f00636b3b"}
,"/Users/cseibert/Workspace/ef-cms/web-client/src/presenter/actions/setCaseIdFromSearchAction.js": {"path":"/Users/cseibert/Workspace/ef-cms/web-client/src/presenter/actions/setCaseIdFromSearchAction.js","statementMap":{"0":{"start":{"line":2,"column":28},"end":{"line":2,"column":62}},"1":{"start":{"line":5,"column":21},"end":{"line":5,"column":42}},"2":{"start":{"line":6,"column":16},"end":{"line":6,"column":59}},"3":{"start":{"line":8,"column":4},"end":{"line":8,"column":72}},"4":{"start":{"line":9,"column":2},"end":{"line":9,"column":40}},"5":{"start":{"line":10,"column":2},"end":{"line":12,"column":4}}},"fnMap":{"0":{"name":"(anonymous_0)","decl":{"start":{"line":4,"column":15},"end":{"line":4,"column":16}},"loc":{"start":{"line":4,"column":35},"end":{"line":13,"column":1}},"line":4}},"branchMap":{"0":{"loc":{"start":{"line":8,"column":4},"end":{"line":8,"column":72}},"type":"cond-expr","locations":[{"start":{"line":8,"column":51},"end":{"line":8,"column":59}},{"start":{"line":8,"column":62},"end":{"line":8,"column":72}}],"line":8},"1":{"loc":{"start":{"line":8,"column":4},"end":{"line":8,"column":48}},"type":"binary-expr","locations":[{"start":{"line":8,"column":4},"end":{"line":8,"column":9}},{"start":{"line":8,"column":13},"end":{"line":8,"column":29}},{"start":{"line":8,"column":33},"end":{"line":8,"column":48}}],"line":8}},"s":{"0":3,"1":1,"2":1,"3":1,"4":1,"5":1},"f":{"0":1},"b":{"0":[1,0],"1":[1,1,1]},"_coverageSchema":"332fd63041d2c1bcb487cc26dd0d5f7d97098a6c","hash":"8e072ea0d864d91a84bd7406c1cfe4c7945306f6"}
,"/Users/cseibert/Workspace/ef-cms/web-client/src/presenter/actions/setCaseTypesAction.js": {"path":"/Users/cseibert/Workspace/ef-cms/web-client/src/presenter/actions/setCaseTypesAction.js","statementMap":{"0":{"start":{"line":4,"column":2},"end":{"line":4,"column":46}}},"fnMap":{"0":{"name":"(anonymous_0)","decl":{"start":{"line":3,"column":15},"end":{"line":3,"column":16}},"loc":{"start":{"line":3,"column":37},"end":{"line":5,"column":1}},"line":3}},"branchMap":{},"s":{"0":3},"f":{"0":3},"b":{},"_coverageSchema":"332fd63041d2c1bcb487cc26dd0d5f7d97098a6c","hash":"a06b3dd057a27ec5cc4022552786e5865b5d4793"}
,"/Users/cseibert/Workspace/ef-cms/web-client/src/presenter/actions/setCasesAction.js": {"path":"/Users/cseibert/Workspace/ef-cms/web-client/src/presenter/actions/setCasesAction.js","statementMap":{"0":{"start":{"line":4,"column":2},"end":{"line":4,"column":41}}},"fnMap":{"0":{"name":"(anonymous_0)","decl":{"start":{"line":3,"column":15},"end":{"line":3,"column":16}},"loc":{"start":{"line":3,"column":37},"end":{"line":5,"column":1}},"line":3}},"branchMap":{},"s":{"0":7},"f":{"0":7},"b":{},"_coverageSchema":"332fd63041d2c1bcb487cc26dd0d5f7d97098a6c","hash":"3db2333c053e2de38b9c796cea4d1406c262bfe6"}
,"/Users/cseibert/Workspace/ef-cms/web-client/src/presenter/actions/setCurrentPageAction.js": {"path":"/Users/cseibert/Workspace/ef-cms/web-client/src/presenter/actions/setCurrentPageAction.js","statementMap":{"0":{"start":{"line":4,"column":2},"end":{"line":6,"column":4}},"1":{"start":{"line":5,"column":4},"end":{"line":5,"column":39}}},"fnMap":{"0":{"name":"(anonymous_0)","decl":{"start":{"line":3,"column":15},"end":{"line":3,"column":16}},"loc":{"start":{"line":3,"column":23},"end":{"line":7,"column":1}},"line":3},"1":{"name":"(anonymous_1)","decl":{"start":{"line":4,"column":9},"end":{"line":4,"column":10}},"loc":{"start":{"line":4,"column":24},"end":{"line":6,"column":3}},"line":4}},"branchMap":{},"s":{"0":51,"1":41},"f":{"0":51,"1":41},"b":{},"_coverageSchema":"332fd63041d2c1bcb487cc26dd0d5f7d97098a6c","hash":"77dcccd6895ab8879573bd06f1c2039f3c051a43"}
,"/Users/cseibert/Workspace/ef-cms/web-client/src/presenter/actions/setDefaultDocumentDetailTabAction.js": {"path":"/Users/cseibert/Workspace/ef-cms/web-client/src/presenter/actions/setDefaultDocumentDetailTabAction.js","statementMap":{"0":{"start":{"line":4,"column":33},"end":{"line":4,"column":64}},"1":{"start":{"line":5,"column":2},"end":{"line":8,"column":4}}},"fnMap":{"0":{"name":"(anonymous_0)","decl":{"start":{"line":3,"column":15},"end":{"line":3,"column":16}},"loc":{"start":{"line":3,"column":35},"end":{"line":9,"column":1}},"line":3}},"branchMap":{"0":{"loc":{"start":{"line":7,"column":4},"end":{"line":7,"column":61}},"type":"cond-expr","locations":[{"start":{"line":7,"column":25},"end":{"line":7,"column":40}},{"start":{"line":7,"column":43},"end":{"line":7,"column":61}}],"line":7}},"s":{"0":3,"1":3},"f":{"0":3},"b":{"0":[0,3]},"_coverageSchema":"332fd63041d2c1bcb487cc26dd0d5f7d97098a6c","hash":"b0c3223e4029fee1e50c5f691fd17505895f5898"}
,"/Users/cseibert/Workspace/ef-cms/web-client/src/presenter/actions/setDocumentIdAction.js": {"path":"/Users/cseibert/Workspace/ef-cms/web-client/src/presenter/actions/setDocumentIdAction.js","statementMap":{"0":{"start":{"line":4,"column":2},"end":{"line":4,"column":48}}},"fnMap":{"0":{"name":"(anonymous_0)","decl":{"start":{"line":3,"column":15},"end":{"line":3,"column":16}},"loc":{"start":{"line":3,"column":37},"end":{"line":5,"column":1}},"line":3}},"branchMap":{},"s":{"0":3},"f":{"0":3},"b":{},"_coverageSchema":"332fd63041d2c1bcb487cc26dd0d5f7d97098a6c","hash":"2be04649eb1a6703f87abb6a08230d4a052c8ca5"}
,"/Users/cseibert/Workspace/ef-cms/web-client/src/presenter/actions/setFocusedWorkItemAction.js": {"path":"/Users/cseibert/Workspace/ef-cms/web-client/src/presenter/actions/setFocusedWorkItemAction.js","statementMap":{"0":{"start":{"line":4,"column":16},"end":{"line":9,"column":4}},"1":{"start":{"line":5,"column":4},"end":{"line":7,"column":5}},"2":{"start":{"line":6,"column":6},"end":{"line":6,"column":39}},"3":{"start":{"line":8,"column":4},"end":{"line":8,"column":16}},"4":{"start":{"line":10,"column":2},"end":{"line":10,"column":43}}},"fnMap":{"0":{"name":"(anonymous_0)","decl":{"start":{"line":3,"column":15},"end":{"line":3,"column":16}},"loc":{"start":{"line":3,"column":42},"end":{"line":11,"column":1}},"line":3},"1":{"name":"(anonymous_1)","decl":{"start":{"line":4,"column":48},"end":{"line":4,"column":49}},"loc":{"start":{"line":4,"column":56},"end":{"line":9,"column":3}},"line":4}},"branchMap":{"0":{"loc":{"start":{"line":5,"column":4},"end":{"line":7,"column":5}},"type":"if","locations":[{"start":{"line":5,"column":4},"end":{"line":7,"column":5}},{"start":{"line":5,"column":4},"end":{"line":7,"column":5}}],"line":5}},"s":{"0":0,"1":0,"2":0,"3":0,"4":0},"f":{"0":0,"1":0},"b":{"0":[0,0]},"_coverageSchema":"332fd63041d2c1bcb487cc26dd0d5f7d97098a6c","hash":"587dd9caa391ac874f9777eb9979a3dbad768e25"}
,"/Users/cseibert/Workspace/ef-cms/web-client/src/presenter/actions/setFormForCaseAction.js": {"path":"/Users/cseibert/Workspace/ef-cms/web-client/src/presenter/actions/setFormForCaseAction.js","statementMap":{"0":{"start":{"line":5,"column":21},"end":{"line":5,"column":42}},"1":{"start":{"line":6,"column":24},"end":{"line":6,"column":70}},"2":{"start":{"line":7,"column":2},"end":{"line":15,"column":3}},"3":{"start":{"line":12,"column":4},"end":{"line":12,"column":62}},"4":{"start":{"line":13,"column":4},"end":{"line":13,"column":60}},"5":{"start":{"line":14,"column":4},"end":{"line":14,"column":64}},"6":{"start":{"line":17,"column":21},"end":{"line":17,"column":64}},"7":{"start":{"line":18,"column":2},"end":{"line":26,"column":3}},"8":{"start":{"line":23,"column":4},"end":{"line":23,"column":62}},"9":{"start":{"line":24,"column":4},"end":{"line":24,"column":60}},"10":{"start":{"line":25,"column":4},"end":{"line":25,"column":64}}},"fnMap":{"0":{"name":"(anonymous_0)","decl":{"start":{"line":4,"column":15},"end":{"line":4,"column":16}},"loc":{"start":{"line":4,"column":35},"end":{"line":27,"column":1}},"line":4}},"branchMap":{"0":{"loc":{"start":{"line":7,"column":2},"end":{"line":15,"column":3}},"type":"if","locations":[{"start":{"line":7,"column":2},"end":{"line":15,"column":3}},{"start":{"line":7,"column":2},"end":{"line":15,"column":3}}],"line":7},"1":{"loc":{"start":{"line":8,"column":4},"end":{"line":10,"column":34}},"type":"binary-expr","locations":[{"start":{"line":8,"column":4},"end":{"line":8,"column":17}},{"start":{"line":9,"column":4},"end":{"line":9,"column":42}},{"start":{"line":10,"column":4},"end":{"line":10,"column":34}}],"line":8},"2":{"loc":{"start":{"line":18,"column":2},"end":{"line":26,"column":3}},"type":"if","locations":[{"start":{"line":18,"column":2},"end":{"line":26,"column":3}},{"start":{"line":18,"column":2},"end":{"line":26,"column":3}}],"line":18},"3":{"loc":{"start":{"line":19,"column":4},"end":{"line":21,"column":31}},"type":"binary-expr","locations":[{"start":{"line":19,"column":4},"end":{"line":19,"column":14}},{"start":{"line":20,"column":4},"end":{"line":20,"column":39}},{"start":{"line":21,"column":4},"end":{"line":21,"column":31}}],"line":19}},"s":{"0":3,"1":3,"2":3,"3":3,"4":3,"5":3,"6":3,"7":3,"8":3,"9":3,"10":3},"f":{"0":3},"b":{"0":[3,0],"1":[3,3,3],"2":[3,0],"3":[3,3,3]},"_coverageSchema":"332fd63041d2c1bcb487cc26dd0d5f7d97098a6c","hash":"ff627ac36f78c7f97b2d7d55f4788979b0727671"}
,"/Users/cseibert/Workspace/ef-cms/web-client/src/presenter/actions/setFormSaveSuccessAction.js": {"path":"/Users/cseibert/Workspace/ef-cms/web-client/src/presenter/actions/setFormSaveSuccessAction.js","statementMap":{"0":{"start":{"line":4,"column":2},"end":{"line":4,"column":46}}},"fnMap":{"0":{"name":"(anonymous_0)","decl":{"start":{"line":3,"column":15},"end":{"line":3,"column":16}},"loc":{"start":{"line":3,"column":30},"end":{"line":5,"column":1}},"line":3}},"branchMap":{},"s":{"0":1},"f":{"0":1},"b":{},"_coverageSchema":"332fd63041d2c1bcb487cc26dd0d5f7d97098a6c","hash":"0724c8c93e0e92e1b48751b3201527c9dba58cbc"}
,"/Users/cseibert/Workspace/ef-cms/web-client/src/presenter/actions/setFormSubmittingAction.js": {"path":"/Users/cseibert/Workspace/ef-cms/web-client/src/presenter/actions/setFormSubmittingAction.js","statementMap":{"0":{"start":{"line":4,"column":2},"end":{"line":4,"column":36}}},"fnMap":{"0":{"name":"(anonymous_0)","decl":{"start":{"line":3,"column":15},"end":{"line":3,"column":16}},"loc":{"start":{"line":3,"column":30},"end":{"line":5,"column":1}},"line":3}},"branchMap":{},"s":{"0":17},"f":{"0":17},"b":{},"_coverageSchema":"332fd63041d2c1bcb487cc26dd0d5f7d97098a6c","hash":"be923dce92f04eb02917b169aaea6bd286a78acf"}
,"/Users/cseibert/Workspace/ef-cms/web-client/src/presenter/actions/setInternalUsersAction.js": {"path":"/Users/cseibert/Workspace/ef-cms/web-client/src/presenter/actions/setInternalUsersAction.js","statementMap":{"0":{"start":{"line":4,"column":2},"end":{"line":4,"column":46}}},"fnMap":{"0":{"name":"(anonymous_0)","decl":{"start":{"line":3,"column":15},"end":{"line":3,"column":16}},"loc":{"start":{"line":3,"column":37},"end":{"line":5,"column":1}},"line":3}},"branchMap":{},"s":{"0":3},"f":{"0":3},"b":{},"_coverageSchema":"332fd63041d2c1bcb487cc26dd0d5f7d97098a6c","hash":"a2a3940fe0c8c2b1d7f503ebccac04bba8801c0f"}
,"/Users/cseibert/Workspace/ef-cms/web-client/src/presenter/actions/setPathAction.js": {"path":"/Users/cseibert/Workspace/ef-cms/web-client/src/presenter/actions/setPathAction.js","statementMap":{"0":{"start":{"line":4,"column":2},"end":{"line":6,"column":3}},"1":{"start":{"line":5,"column":4},"end":{"line":5,"column":38}}},"fnMap":{"0":{"name":"(anonymous_0)","decl":{"start":{"line":3,"column":15},"end":{"line":3,"column":16}},"loc":{"start":{"line":3,"column":37},"end":{"line":7,"column":1}},"line":3}},"branchMap":{"0":{"loc":{"start":{"line":4,"column":2},"end":{"line":6,"column":3}},"type":"if","locations":[{"start":{"line":4,"column":2},"end":{"line":6,"column":3}},{"start":{"line":4,"column":2},"end":{"line":6,"column":3}}],"line":4}},"s":{"0":2,"1":2},"f":{"0":2},"b":{"0":[2,0]},"_coverageSchema":"332fd63041d2c1bcb487cc26dd0d5f7d97098a6c","hash":"cb6d81efcc1a93bfe8c93f0040af112b100b5b57"}
,"/Users/cseibert/Workspace/ef-cms/web-client/src/presenter/actions/setProcedureTypesAction.js": {"path":"/Users/cseibert/Workspace/ef-cms/web-client/src/presenter/actions/setProcedureTypesAction.js","statementMap":{"0":{"start":{"line":4,"column":2},"end":{"line":4,"column":56}}},"fnMap":{"0":{"name":"(anonymous_0)","decl":{"start":{"line":3,"column":15},"end":{"line":3,"column":16}},"loc":{"start":{"line":3,"column":37},"end":{"line":5,"column":1}},"line":3}},"branchMap":{},"s":{"0":3},"f":{"0":3},"b":{},"_coverageSchema":"332fd63041d2c1bcb487cc26dd0d5f7d97098a6c","hash":"bab6e375449a165a5265aad9c2e4e7a9e6df130c"}
,"/Users/cseibert/Workspace/ef-cms/web-client/src/presenter/actions/setSectionWorkQueueAction.js": {"path":"/Users/cseibert/Workspace/ef-cms/web-client/src/presenter/actions/setSectionWorkQueueAction.js","statementMap":{"0":{"start":{"line":4,"column":2},"end":{"line":4,"column":60}}},"fnMap":{"0":{"name":"(anonymous_0)","decl":{"start":{"line":3,"column":15},"end":{"line":3,"column":16}},"loc":{"start":{"line":3,"column":37},"end":{"line":5,"column":1}},"line":3}},"branchMap":{},"s":{"0":15},"f":{"0":15},"b":{},"_coverageSchema":"332fd63041d2c1bcb487cc26dd0d5f7d97098a6c","hash":"a552e3c490fd7e04524b0b23797d0d3f798a4ad4"}
,"/Users/cseibert/Workspace/ef-cms/web-client/src/presenter/actions/setTrialCitiesAction.js": {"path":"/Users/cseibert/Workspace/ef-cms/web-client/src/presenter/actions/setTrialCitiesAction.js","statementMap":{"0":{"start":{"line":4,"column":2},"end":{"line":4,"column":55}}},"fnMap":{"0":{"name":"(anonymous_0)","decl":{"start":{"line":3,"column":15},"end":{"line":3,"column":16}},"loc":{"start":{"line":3,"column":37},"end":{"line":5,"column":1}},"line":3}},"branchMap":{},"s":{"0":4},"f":{"0":4},"b":{},"_coverageSchema":"332fd63041d2c1bcb487cc26dd0d5f7d97098a6c","hash":"e8021950ce07d5ddfb1ccd91dfb3d339c36ff358"}
,"/Users/cseibert/Workspace/ef-cms/web-client/src/presenter/actions/setUserAction.js": {"path":"/Users/cseibert/Workspace/ef-cms/web-client/src/presenter/actions/setUserAction.js","statementMap":{"0":{"start":{"line":4,"column":2},"end":{"line":4,"column":36}},"1":{"start":{"line":5,"column":2},"end":{"line":5,"column":48}}},"fnMap":{"0":{"name":"(anonymous_0)","decl":{"start":{"line":3,"column":15},"end":{"line":3,"column":16}},"loc":{"start":{"line":3,"column":57},"end":{"line":6,"column":1}},"line":3}},"branchMap":{},"s":{"0":11,"1":11},"f":{"0":11},"b":{},"_coverageSchema":"332fd63041d2c1bcb487cc26dd0d5f7d97098a6c","hash":"0e278af3c48aa232eca9cc6b4af34b8b0d5a6b41"}
,"/Users/cseibert/Workspace/ef-cms/web-client/src/presenter/actions/setUsersAction.js": {"path":"/Users/cseibert/Workspace/ef-cms/web-client/src/presenter/actions/setUsersAction.js","statementMap":{"0":{"start":{"line":4,"column":2},"end":{"line":4,"column":38}}},"fnMap":{"0":{"name":"(anonymous_0)","decl":{"start":{"line":3,"column":15},"end":{"line":3,"column":16}},"loc":{"start":{"line":3,"column":37},"end":{"line":5,"column":1}},"line":3}},"branchMap":{},"s":{"0":12},"f":{"0":12},"b":{},"_coverageSchema":"332fd63041d2c1bcb487cc26dd0d5f7d97098a6c","hash":"c3268d1dba28e9d082efe916af1a58e33dc7aff4"}
[...]
,"/Users/cseibert/Workspace/ef-cms/web-client/src/presenter/computeds/workQueueHelper.js": {"path":"/Users/cseibert/Workspace/ef-cms/web-client/src/presenter/computeds/workQueueHelper.js","statementMap":{"0":{"start":{"line":4,"column":28},"end":{"line":4,"column":56}},"1":{"start":{"line":5,"column":29},"end":{"line":5,"column":58}},"2":{"start":{"line":7,"column":2},"end":{"line":11,"column":4}}},"fnMap":{"0":{"name":"(anonymous_0)","decl":{"start":{"line":3,"column":15},"end":{"line":3,"column":16}},"loc":{"start":{"line":3,"column":22},"end":{"line":12,"column":1}},"line":3}},"branchMap":{},"s":{"0":0,"1":0,"2":0},"f":{"0":0},"b":{},"_coverageSchema":"332fd63041d2c1bcb487cc26dd0d5f7d97098a6c","hash":"da4c6a7286fc7d5d353769a5b73a4dd5125399b0"}
,"/Users/cseibert/Workspace/ef-cms/web-client/src/presenter/sequences/appendNewYearAmountSequence.js": {"path":"/Users/cseibert/Workspace/ef-cms/web-client/src/presenter/sequences/appendNewYearAmountSequence.js","statementMap":{},"fnMap":{},"branchMap":{},"s":{},"f":{},"b":{},"_coverageSchema":"332fd63041d2c1bcb487cc26dd0d5f7d97098a6c","hash":"e30363772f6c07f6fc224d366c99be6c27e65d96"}
,"/Users/cseibert/Workspace/ef-cms/web-client/src/presenter/sequences/assignSelectedWorkItemsSequence.js": {"path":"/Users/cseibert/Workspace/ef-cms/web-client/src/presenter/sequences/assignSelectedWorkItemsSequence.js","statementMap":{},"fnMap":{},"branchMap":{},"s":{},"f":{},"b":{},"_coverageSchema":"332fd63041d2c1bcb487cc26dd0d5f7d97098a6c","hash":"0f384583ba51e80ed6aed56ba02a5cef029c8609"}
,"/Users/cseibert/Workspace/ef-cms/web-client/src/presenter/sequences/autoSaveCaseSequence.js": {"path":"/Users/cseibert/Workspace/ef-cms/web-client/src/presenter/sequences/autoSaveCaseSequence.js","statementMap":{},"fnMap":{},"branchMap":{},"s":{},"f":{},"b":{},"_coverageSchema":"332fd63041d2c1bcb487cc26dd0d5f7d97098a6c","hash":"adb758b74a7266fdcb8cb6af45fa0402ca0120be"}
,"/Users/cseibert/Workspace/ef-cms/web-client/src/presenter/sequences/clearDocumentSequence.js": {"path":"/Users/cseibert/Workspace/ef-cms/web-client/src/presenter/sequences/clearDocumentSequence.js","statementMap":{},"fnMap":{},"branchMap":{},"s":{},"f":{},"b":{},"_coverageSchema":"332fd63041d2c1bcb487cc26dd0d5f7d97098a6c","hash":"1dc204c0f2c4a0147180f08c8774b4485bf98cb2"}
,"/Users/cseibert/Workspace/ef-cms/web-client/src/presenter/sequences/getTrialCitiesSequence.js": {"path":"/Users/cseibert/Workspace/ef-cms/web-client/src/presenter/sequences/getTrialCitiesSequence.js","statementMap":{},"fnMap":{},"branchMap":{},"s":{},"f":{},"b":{},"_coverageSchema":"332fd63041d2c1bcb487cc26dd0d5f7d97098a6c","hash":"2cf3d82f06fc9b92f931aadc5858300e4fe04fc7"}
,"/Users/cseibert/Workspace/ef-cms/web-client/src/presenter/sequences/gotoCaseDetailSequence.js": {"path":"/Users/cseibert/Workspace/ef-cms/web-client/src/presenter/sequences/gotoCaseDetailSequence.js","statementMap":{},"fnMap":{},"branchMap":{},"s":{},"f":{},"b":{},"_coverageSchema":"332fd63041d2c1bcb487cc26dd0d5f7d97098a6c","hash":"5fa3ced19798b55852dde57226d36e599016a380"}
,"/Users/cseibert/Workspace/ef-cms/web-client/src/presenter/sequences/gotoDashboardSequence.js": {"path":"/Users/cseibert/Workspace/ef-cms/web-client/src/presenter/sequences/gotoDashboardSequence.js","statementMap":{"0":{"start":{"line":17,"column":22},"end":{"line":64,"column":1}}},"fnMap":{},"branchMap":{},"s":{"0":3},"f":{},"b":{},"_coverageSchema":"332fd63041d2c1bcb487cc26dd0d5f7d97098a6c","hash":"170f928e948fe12e6aee798877c44d67456f9cb8"}
,"/Users/cseibert/Workspace/ef-cms/web-client/src/presenter/sequences/gotoDocumentDetailSequence.js": {"path":"/Users/cseibert/Workspace/ef-cms/web-client/src/presenter/sequences/gotoDocumentDetailSequence.js","statementMap":{},"fnMap":{},"branchMap":{},"s":{},"f":{},"b":{},"_coverageSchema":"332fd63041d2c1bcb487cc26dd0d5f7d97098a6c","hash":"7febd12f82d0a28335525438c40b73139a5bd007"}
,"/Users/cseibert/Workspace/ef-cms/web-client/src/presenter/sequences/gotoLogInSequence.js": {"path":"/Users/cseibert/Workspace/ef-cms/web-client/src/presenter/sequences/gotoLogInSequence.js","statementMap":{},"fnMap":{},"branchMap":{},"s":{},"f":{},"b":{},"_coverageSchema":"332fd63041d2c1bcb487cc26dd0d5f7d97098a6c","hash":"2dad5e9535684a6dbfadec783fbf38eed55f7c59"}
,"/Users/cseibert/Workspace/ef-cms/web-client/src/presenter/sequences/gotoStartCaseSequence.js": {"path":"/Users/cseibert/Workspace/ef-cms/web-client/src/presenter/sequences/gotoStartCaseSequence.js","statementMap":{},"fnMap":{},"branchMap":{},"s":{},"f":{},"b":{},"_coverageSchema":"332fd63041d2c1bcb487cc26dd0d5f7d97098a6c","hash":"4a93bdd6f3d00756693dd903f0a4acc0e96e72ba"}
,"/Users/cseibert/Workspace/ef-cms/web-client/src/presenter/sequences/gotoStyleGuideSequence.js": {"path":"/Users/cseibert/Workspace/ef-cms/web-client/src/presenter/sequences/gotoStyleGuideSequence.js","statementMap":{},"fnMap":{},"branchMap":{},"s":{},"f":{},"b":{},"_coverageSchema":"332fd63041d2c1bcb487cc26dd0d5f7d97098a6c","hash":"eb3822f6790acab0f62d3a2dfbeb3267f57aca38"}
,"/Users/cseibert/Workspace/ef-cms/web-client/src/presenter/sequences/loginWithTokenSequence.js": {"path":"/Users/cseibert/Workspace/ef-cms/web-client/src/presenter/sequences/loginWithTokenSequence.js","statementMap":{},"fnMap":{},"branchMap":{},"s":{},"f":{},"b":{},"_coverageSchema":"332fd63041d2c1bcb487cc26dd0d5f7d97098a6c","hash":"f236a2c894c901c90a405ce37acae26b64225043"}
,"/Users/cseibert/Workspace/ef-cms/web-client/src/presenter/sequences/removeYearAmountSequence.js": {"path":"/Users/cseibert/Workspace/ef-cms/web-client/src/presenter/sequences/removeYearAmountSequence.js","statementMap":{},"fnMap":{},"branchMap":{},"s":{},"f":{},"b":{},"_coverageSchema":"332fd63041d2c1bcb487cc26dd0d5f7d97098a6c","hash":"a4a8480674687434533d6d9d9e1a7bde9a3bbf08"}
,"/Users/cseibert/Workspace/ef-cms/web-client/src/presenter/sequences/selectAssigneeSequence.js": {"path":"/Users/cseibert/Workspace/ef-cms/web-client/src/presenter/sequences/selectAssigneeSequence.js","statementMap":{},"fnMap":{},"branchMap":{},"s":{},"f":{},"b":{},"_coverageSchema":"332fd63041d2c1bcb487cc26dd0d5f7d97098a6c","hash":"e45e54b03ce6f87f7e175f12df1f5b703d4c0100"}
,"/Users/cseibert/Workspace/ef-cms/web-client/src/presenter/sequences/selectWorkItemSequence.js": {"path":"/Users/cseibert/Workspace/ef-cms/web-client/src/presenter/sequences/selectWorkItemSequence.js","statementMap":{},"fnMap":{},"branchMap":{},"s":{},"f":{},"b":{},"_coverageSchema":"332fd63041d2c1bcb487cc26dd0d5f7d97098a6c","hash":"4f262a3939f7f3c229a71417790adba9f6adc951"}
,"/Users/cseibert/Workspace/ef-cms/web-client/src/presenter/sequences/setFocusedWorkItemSequence.js": {"path":"/Users/cseibert/Workspace/ef-cms/web-client/src/presenter/sequences/setFocusedWorkItemSequence.js","statementMap":{},"fnMap":{},"branchMap":{},"s":{},"f":{},"b":{},"_coverageSchema":"332fd63041d2c1bcb487cc26dd0d5f7d97098a6c","hash":"218ef4b41568ef147d49afffe3c1a308ab832d68"}
,"/Users/cseibert/Workspace/ef-cms/web-client/src/presenter/sequences/setWorkItemActionSequence.js": {"path":"/Users/cseibert/Workspace/ef-cms/web-client/src/presenter/sequences/setWorkItemActionSequence.js","statementMap":{},"fnMap":{},"branchMap":{},"s":{},"f":{},"b":{},"_coverageSchema":"332fd63041d2c1bcb487cc26dd0d5f7d97098a6c","hash":"38d4bb5de43fae8647b13d468ba646eef2248291"}
,"/Users/cseibert/Workspace/ef-cms/web-client/src/presenter/sequences/startACaseConfirmCancelSequence.js": {"path":"/Users/cseibert/Workspace/ef-cms/web-client/src/presenter/sequences/startACaseConfirmCancelSequence.js","statementMap":{},"fnMap":{},"branchMap":{},"s":{},"f":{},"b":{},"_coverageSchema":"332fd63041d2c1bcb487cc26dd0d5f7d97098a6c","hash":"9d87b2ac136d5a09b16ef3df24949339fea67836"}
,"/Users/cseibert/Workspace/ef-cms/web-client/src/presenter/sequences/startACaseToggleCancelSequence.js": {"path":"/Users/cseibert/Workspace/ef-cms/web-client/src/presenter/sequences/startACaseToggleCancelSequence.js","statementMap":{},"fnMap":{},"branchMap":{},"s":{},"f":{},"b":{},"_coverageSchema":"332fd63041d2c1bcb487cc26dd0d5f7d97098a6c","hash":"b2b4e7bfac6bb2260583a1ec407bb7e528333787"}
,"/Users/cseibert/Workspace/ef-cms/web-client/src/presenter/sequences/submitCompleteSequence.js": {"path":"/Users/cseibert/Workspace/ef-cms/web-client/src/presenter/sequences/submitCompleteSequence.js","statementMap":{},"fnMap":{},"branchMap":{},"s":{},"f":{},"b":{},"_coverageSchema":"332fd63041d2c1bcb487cc26dd0d5f7d97098a6c","hash":"849fe487d6eac3b2139619780f11dc9ae0a708ed"}
,"/Users/cseibert/Workspace/ef-cms/web-client/src/presenter/sequences/submitDocumentSequence.js": {"path":"/Users/cseibert/Workspace/ef-cms/web-client/src/presenter/sequences/submitDocumentSequence.js","statementMap":{},"fnMap":{},"branchMap":{},"s":{},"f":{},"b":{},"_coverageSchema":"332fd63041d2c1bcb487cc26dd0d5f7d97098a6c","hash":"bcc31b38e42e520ce38e369d391198c3a566911a"}
,"/Users/cseibert/Workspace/ef-cms/web-client/src/presenter/sequences/submitFilePetitionSequence.js": {"path":"/Users/cseibert/Workspace/ef-cms/web-client/src/presenter/sequences/submitFilePetitionSequence.js","statementMap":{},"fnMap":{},"branchMap":{},"s":{},"f":{},"b":{},"_coverageSchema":"332fd63041d2c1bcb487cc26dd0d5f7d97098a6c","hash":"1bdc354d3f1e7f2aa2748322919412756c001e68"}
,"/Users/cseibert/Workspace/ef-cms/web-client/src/presenter/sequences/submitForwardSequence.js": {"path":"/Users/cseibert/Workspace/ef-cms/web-client/src/presenter/sequences/submitForwardSequence.js","statementMap":{},"fnMap":{},"branchMap":{},"s":{},"f":{},"b":{},"_coverageSchema":"332fd63041d2c1bcb487cc26dd0d5f7d97098a6c","hash":"ea1632de17d5b2ab81f312d2901668c780398824"}
,"/Users/cseibert/Workspace/ef-cms/web-client/src/presenter/sequences/submitLogInSequence.js": {"path":"/Users/cseibert/Workspace/ef-cms/web-client/src/presenter/sequences/submitLogInSequence.js","statementMap":{},"fnMap":{},"branchMap":{},"s":{},"f":{},"b":{},"_coverageSchema":"332fd63041d2c1bcb487cc26dd0d5f7d97098a6c","hash":"4aaf86ab7d935bc41ddad8c1ef96f65e67dfd703"}
,"/Users/cseibert/Workspace/ef-cms/web-client/src/presenter/sequences/submitSearchSequence.js": {"path":"/Users/cseibert/Workspace/ef-cms/web-client/src/presenter/sequences/submitSearchSequence.js","statementMap":{},"fnMap":{},"branchMap":{},"s":{},"f":{},"b":{},"_coverageSchema":"332fd63041d2c1bcb487cc26dd0d5f7d97098a6c","hash":"c4d1000c6e79f2dce94271138c8d9bb01f05ec5b"}
,"/Users/cseibert/Workspace/ef-cms/web-client/src/presenter/sequences/submitToIrsSequence.js": {"path":"/Users/cseibert/Workspace/ef-cms/web-client/src/presenter/sequences/submitToIrsSequence.js","statementMap":{},"fnMap":{},"branchMap":{},"s":{},"f":{},"b":{},"_coverageSchema":"332fd63041d2c1bcb487cc26dd0d5f7d97098a6c","hash":"c2cc87bc51fcd0c62596e1deb81e9c7a93c51e99"}
,"/Users/cseibert/Workspace/ef-cms/web-client/src/presenter/sequences/submitUpdateCaseSequence.js": {"path":"/Users/cseibert/Workspace/ef-cms/web-client/src/presenter/sequences/submitUpdateCaseSequence.js","statementMap":{},"fnMap":{},"branchMap":{},"s":{},"f":{},"b":{},"_coverageSchema":"332fd63041d2c1bcb487cc26dd0d5f7d97098a6c","hash":"6692cb13ad979373018f953c4f205df0390ef317"}
,"/Users/cseibert/Workspace/ef-cms/web-client/src/presenter/sequences/switchWorkQueueSequence.js": {"path":"/Users/cseibert/Workspace/ef-cms/web-client/src/presenter/sequences/switchWorkQueueSequence.js","statementMap":{},"fnMap":{},"branchMap":{},"s":{},"f":{},"b":{},"_coverageSchema":"332fd63041d2c1bcb487cc26dd0d5f7d97098a6c","hash":"c1b7204a7001f7265d5dab142fc09ab730cf8dd0"}
,"/Users/cseibert/Workspace/ef-cms/web-client/src/presenter/sequences/toggleCaseDifferenceSequence.js": {"path":"/Users/cseibert/Workspace/ef-cms/web-client/src/presenter/sequences/toggleCaseDifferenceSequence.js","statementMap":{},"fnMap":{},"branchMap":{},"s":{},"f":{},"b":{},"_coverageSchema":"332fd63041d2c1bcb487cc26dd0d5f7d97098a6c","hash":"cb4ac19409eeb393e578d089a74baae55138736b"}
,"/Users/cseibert/Workspace/ef-cms/web-client/src/presenter/sequences/toggleMobileMenuSequence.js": {"path":"/Users/cseibert/Workspace/ef-cms/web-client/src/presenter/sequences/toggleMobileMenuSequence.js","statementMap":{},"fnMap":{},"branchMap":{},"s":{},"f":{},"b":{},"_coverageSchema":"332fd63041d2c1bcb487cc26dd0d5f7d97098a6c","hash":"d81c0bbaaa0cfe0ee14b3c384d7f53f12593229b"}
,"/Users/cseibert/Workspace/ef-cms/web-client/src/presenter/sequences/togglePaymentDetailsSequence.js": {"path":"/Users/cseibert/Workspace/ef-cms/web-client/src/presenter/sequences/togglePaymentDetailsSequence.js","statementMap":{},"fnMap":{},"branchMap":{},"s":{},"f":{},"b":{},"_coverageSchema":"332fd63041d2c1bcb487cc26dd0d5f7d97098a6c","hash":"4b646aeb2e75c4a181f579acdf9ab16d34573d51"}
,"/Users/cseibert/Workspace/ef-cms/web-client/src/presenter/sequences/toggleUsaBannerDetailsSequence.js": {"path":"/Users/cseibert/Workspace/ef-cms/web-client/src/presenter/sequences/toggleUsaBannerDetailsSequence.js","statementMap":{},"fnMap":{},"branchMap":{},"s":{},"f":{},"b":{},"_coverageSchema":"332fd63041d2c1bcb487cc26dd0d5f7d97098a6c","hash":"5112b7cb26a118d11b1283e94070edbbffcdac51"}
,"/Users/cseibert/Workspace/ef-cms/web-client/src/presenter/sequences/unsetFormSaveSuccessSequence.js": {"path":"/Users/cseibert/Workspace/ef-cms/web-client/src/presenter/sequences/unsetFormSaveSuccessSequence.js","statementMap":{},"fnMap":{},"branchMap":{},"s":{},"f":{},"b":{},"_coverageSchema":"332fd63041d2c1bcb487cc26dd0d5f7d97098a6c","hash":"06d80a27f30233f3e2b7e046a332f2d391b8da41"}
,"/Users/cseibert/Workspace/ef-cms/web-client/src/presenter/sequences/updateCaseValueByIndexSequence.js": {"path":"/Users/cseibert/Workspace/ef-cms/web-client/src/presenter/sequences/updateCaseValueByIndexSequence.js","statementMap":{},"fnMap":{},"branchMap":{},"s":{},"f":{},"b":{},"_coverageSchema":"332fd63041d2c1bcb487cc26dd0d5f7d97098a6c","hash":"52f6a2d8dbc4d1f9c75c6002d75730b29da77d4f"}
,"/Users/cseibert/Workspace/ef-cms/web-client/src/presenter/sequences/updateCaseValueSequence.js": {"path":"/Users/cseibert/Workspace/ef-cms/web-client/src/presenter/sequences/updateCaseValueSequence.js","statementMap":{},"fnMap":{},"branchMap":{},"s":{},"f":{},"b":{},"_coverageSchema":"332fd63041d2c1bcb487cc26dd0d5f7d97098a6c","hash":"14080c70d0d4d5db133eda9b7717ae55f2a55fe7"}
,"/Users/cseibert/Workspace/ef-cms/web-client/src/presenter/sequences/updateCompleteFormValueSequence.js": {"path":"/Users/cseibert/Workspace/ef-cms/web-client/src/presenter/sequences/updateCompleteFormValueSequence.js","statementMap":{},"fnMap":{},"branchMap":{},"s":{},"f":{},"b":{},"_coverageSchema":"332fd63041d2c1bcb487cc26dd0d5f7d97098a6c","hash":"59687ac0c235b5e1b6d0acbadae673bb0228f1c2"}
,"/Users/cseibert/Workspace/ef-cms/web-client/src/presenter/sequences/updateCurrentTabSequence.js": {"path":"/Users/cseibert/Workspace/ef-cms/web-client/src/presenter/sequences/updateCurrentTabSequence.js","statementMap":{},"fnMap":{},"branchMap":{},"s":{},"f":{},"b":{},"_coverageSchema":"332fd63041d2c1bcb487cc26dd0d5f7d97098a6c","hash":"1046f838ab0c4a506943f32f37b459225c8892c9"}
,"/Users/cseibert/Workspace/ef-cms/web-client/src/presenter/sequences/updateDocumentValueSequence.js": {"path":"/Users/cseibert/Workspace/ef-cms/web-client/src/presenter/sequences/updateDocumentValueSequence.js","statementMap":{},"fnMap":{},"branchMap":{},"s":{},"f":{},"b":{},"_coverageSchema":"332fd63041d2c1bcb487cc26dd0d5f7d97098a6c","hash":"f21caeef5fd064f996ada29408ee2d5a84fdc8ea"}
,"/Users/cseibert/Workspace/ef-cms/web-client/src/presenter/sequences/updateFormValueSequence.js": {"path":"/Users/cseibert/Workspace/ef-cms/web-client/src/presenter/sequences/updateFormValueSequence.js","statementMap":{},"fnMap":{},"branchMap":{},"s":{},"f":{},"b":{},"_coverageSchema":"332fd63041d2c1bcb487cc26dd0d5f7d97098a6c","hash":"5ccc96d6292b1960a2ce726381fd405c813c791f"}
,"/Users/cseibert/Workspace/ef-cms/web-client/src/presenter/sequences/updateForwardFormValueSequence.js": {"path":"/Users/cseibert/Workspace/ef-cms/web-client/src/presenter/sequences/updateForwardFormValueSequence.js","statementMap":{},"fnMap":{},"branchMap":{},"s":{},"f":{},"b":{},"_coverageSchema":"332fd63041d2c1bcb487cc26dd0d5f7d97098a6c","hash":"ad46afe713726a8750b47e37b7305ae2c9e98862"}
,"/Users/cseibert/Workspace/ef-cms/web-client/src/presenter/sequences/updateLoginValueSequence.js": {"path":"/Users/cseibert/Workspace/ef-cms/web-client/src/presenter/sequences/updateLoginValueSequence.js","statementMap":{},"fnMap":{},"branchMap":{},"s":{},"f":{},"b":{},"_coverageSchema":"332fd63041d2c1bcb487cc26dd0d5f7d97098a6c","hash":"e94509d32b48cdd7cf8a4d6394e82275b19c6f66"}
,"/Users/cseibert/Workspace/ef-cms/web-client/src/presenter/sequences/updatePetitionValueSequence.js": {"path":"/Users/cseibert/Workspace/ef-cms/web-client/src/presenter/sequences/updatePetitionValueSequence.js","statementMap":{},"fnMap":{},"branchMap":{},"s":{},"f":{},"b":{},"_coverageSchema":"332fd63041d2c1bcb487cc26dd0d5f7d97098a6c","hash":"c502505aa8ce40141bb4c2ef88da3b6ccfb30208"}
,"/Users/cseibert/Workspace/ef-cms/web-client/src/presenter/sequences/updateSearchTermSequence.js": {"path":"/Users/cseibert/Workspace/ef-cms/web-client/src/presenter/sequences/updateSearchTermSequence.js","statementMap":{},"fnMap":{},"branchMap":{},"s":{},"f":{},"b":{},"_coverageSchema":"332fd63041d2c1bcb487cc26dd0d5f7d97098a6c","hash":"baab04977f0a5048c1016143ebf7cb93ca612f81"}
,"/Users/cseibert/Workspace/ef-cms/web-client/src/presenter/sequences/validateCaseDetailSequence.js": {"path":"/Users/cseibert/Workspace/ef-cms/web-client/src/presenter/sequences/validateCaseDetailSequence.js","statementMap":{},"fnMap":{},"branchMap":{},"s":{},"f":{},"b":{},"_coverageSchema":"332fd63041d2c1bcb487cc26dd0d5f7d97098a6c","hash":"b992210583aecd4b438a60a3cf3a4fe2e275fb9b"}
,"/Users/cseibert/Workspace/ef-cms/web-client/src/presenter/sequences/viewDocumentSequence.js": {"path":"/Users/cseibert/Workspace/ef-cms/web-client/src/presenter/sequences/viewDocumentSequence.js","statementMap":{},"fnMap":{},"branchMap":{},"s":{},"f":{},"b":{},"_coverageSchema":"332fd63041d2c1bcb487cc26dd0d5f7d97098a6c","hash":"a86b9a917fd8ed41d715812b7e2307cd41615950"}
,"/Users/cseibert/Workspace/ef-cms/web-client/src/views/openDocumentBlob.js": {"path":"/Users/cseibert/Workspace/ef-cms/web-client/src/views/openDocumentBlob.js","statementMap":{"0":{"start":{"line":3,"column":14},"end":{"line":3,"column":2}},"1":{"start":{"line":6,"column":2},"end":{"line":1,"column":31}},"2":{"start":{"line":8,"column":2},"end":{"line":null,"column":-1}},"3":{"start":{"line":8,"column":20},"end":{"line":null,"column":-1}}},"fnMap":{"0":{"name":"(anonymous_1)","decl":{"start":{"line":8,"column":20},"end":{"line":null,"column":-1}},"loc":{"start":{"line":8,"column":20},"end":{"line":8,"column":2}}}},"branchMap":{},"s":{"0":0,"1":0,"2":0,"3":0},"f":{"0":0},"b":{}}
}
