TN:
SF:/Users/cseibert/Workspace/ef-cms/web-client/src/applicationContext.js
FN:41,(anonymous_0)
FN:44,(anonymous_1)
FN:49,(anonymous_2)
FN:52,(anonymous_3)
FN:53,(anonymous_4)
FN:56,(anonymous_5)
FN:59,(anonymous_6)
FN:68,(anonymous_7)
FNF:8
FNH:8
FNDA:47,(anonymous_0)
FNDA:11,(anonymous_1)
FNDA:87,(anonymous_2)
FNDA:80,(anonymous_3)
FNDA:3,(anonymous_4)
FNDA:3,(anonymous_5)
FNDA:7,(anonymous_6)
FNDA:129,(anonymous_7)
DA:9,3
DA:41,3
DA:42,47
DA:44,3
DA:45,11
DA:48,3
DA:50,87
DA:52,80
DA:54,3
DA:56,3
DA:60,7
DA:69,129
LF:12
LH:12
BRDA:50,0,0,87
BRDA:50,0,1,87
BRF:2
BRH:2
end_of_record
TN:
SF:/Users/cseibert/Workspace/ef-cms/web-client/src/index.dev.js
FNF:0
FNH:0
DA:1,0
DA:2,0
DA:4,0
DA:5,0
DA:6,0
DA:7,0
DA:12,0
DA:13,0
DA:14,0
DA:22,0
LF:10
LH:0
BRDA:13,0,0,0
BRDA:13,0,1,0
BRF:2
BRH:0
end_of_record
TN:
SF:/Users/cseibert/Workspace/ef-cms/web-client/src/index.prod.js
FNF:0
FNH:0
DA:1,0
DA:3,0
DA:4,0
DA:9,0
LF:4
LH:0
BRF:0
BRH:0
end_of_record
TN:
SF:/Users/cseibert/Workspace/ef-cms/web-client/src/router.js
FN:7,initialize
FN:9,(anonymous_3)
FN:13,(anonymous_4)
FN:17,(anonymous_5)
FN:24,(anonymous_6)
FN:28,(anonymous_7)
FN:32,(anonymous_8)
FN:39,(anonymous_9)
FN:43,(anonymous_10)
FNF:9
FNH:0
FNDA:0,initialize
FNDA:0,(anonymous_3)
FNDA:0,(anonymous_4)
FNDA:0,(anonymous_5)
FNDA:0,(anonymous_6)
FNDA:0,(anonymous_7)
FNDA:0,(anonymous_8)
FNDA:0,(anonymous_9)
FNDA:0,(anonymous_10)
DA:1,0
DA:3,0
DA:4,0
DA:6,0
DA:8,0
DA:9,0
DA:10,0
DA:11,0
DA:13,0
DA:14,0
DA:15,0
DA:17,0
DA:18,0
DA:19,0
DA:24,0
DA:25,0
DA:26,0
DA:28,0
DA:29,0
DA:30,0
DA:32,0
DA:34,0
DA:35,0
DA:36,0
DA:37,0
DA:39,0
DA:40,0
DA:41,0
DA:43,0
DA:44,0
DA:45,0
DA:47,0
LF:32
LH:0
BRDA:36,0,0,0
BRDA:36,0,1,0
BRF:2
BRH:0
end_of_record
TN:
SF:/Users/cseibert/Workspace/ef-cms/web-client/src/server.js
FNF:0
FNH:0
DA:1,0
DA:3,0
DA:4,0
DA:6,0
LF:4
LH:0
BRF:0
BRH:0
end_of_record
TN:
SF:/Users/cseibert/Workspace/ef-cms/web-client/src/presenter/index.js
FNF:0
FNH:0
LF:0
LH:0
BRF:0
BRH:0
end_of_record
TN:
SF:/Users/cseibert/Workspace/ef-cms/web-client/src/presenter/state.js
FNF:0
FNH:0
LF:0
LH:0
BRF:0
BRH:0
end_of_record
TN:
SF:/Users/cseibert/Workspace/ef-cms/web-client/src/presenter/actions/appendNewYearAmountAction.js
FN:3,(anonymous_0)
FNF:1
FNH:0
FNDA:0,(anonymous_0)
DA:4,0
DA:5,0
LF:2
LH:0
BRF:0
BRH:0
end_of_record
TN:
SF:/Users/cseibert/Workspace/ef-cms/web-client/src/presenter/actions/assignSelectedWorkItemsAction.js
FN:3,(anonymous_0)
FN:13,(anonymous_1)
FN:22,(anonymous_2)
FN:24,(anonymous_3)
FN:38,(anonymous_4)
FN:42,(anonymous_5)
FN:45,(anonymous_6)
FNF:7
FNH:6
FNDA:3,(anonymous_0)
FNDA:3,(anonymous_1)
FNDA:49,(anonymous_2)
FNDA:49,(anonymous_3)
FNDA:1,(anonymous_4)
FNDA:1,(anonymous_5)
FNDA:0,(anonymous_6)
DA:4,3
DA:5,3
DA:6,3
DA:7,3
DA:8,3
DA:9,3
DA:11,3
DA:13,3
DA:20,3
DA:23,49
DA:24,49
DA:26,3
DA:32,46
DA:37,3
DA:38,1
DA:41,3
DA:42,1
DA:43,1
DA:45,0
DA:48,1
DA:57,3
DA:58,3
DA:60,3
DA:61,3
LF:24
LH:23
BRDA:23,0,0,3
BRDA:23,0,1,46
BRDA:41,1,0,1
BRDA:41,1,1,2
BRDA:43,2,0,1
BRDA:43,2,1,0
BRF:6
BRH:5
end_of_record
TN:
SF:/Users/cseibert/Workspace/ef-cms/web-client/src/presenter/actions/clearAlertsAction.js
FN:3,(anonymous_0)
FNF:1
FNH:1
FNDA:59,(anonymous_0)
DA:4,59
DA:5,59
DA:6,59
LF:3
LH:3
BRF:0
BRH:0
end_of_record
TN:
SF:/Users/cseibert/Workspace/ef-cms/web-client/src/presenter/actions/clearCompleteFormAction.js
FN:3,(anonymous_0)
FNF:1
FNH:1
FNDA:1,(anonymous_0)
DA:4,1
LF:1
LH:1
BRF:0
BRH:0
end_of_record
TN:
SF:/Users/cseibert/Workspace/ef-cms/web-client/src/presenter/actions/clearDocumentAction.js
FNF:0
FNH:0
DA:1,0
DA:3,0
DA:4,0
LF:3
LH:0
BRF:0
BRH:0
end_of_record
TN:
SF:/Users/cseibert/Workspace/ef-cms/web-client/src/presenter/actions/clearFormAction.js
FN:3,(anonymous_0)
FNF:1
FNH:1
FNDA:4,(anonymous_0)
DA:4,4
LF:1
LH:1
BRF:0
BRH:0
end_of_record
TN:
SF:/Users/cseibert/Workspace/ef-cms/web-client/src/presenter/actions/clearFormsAction.js
FN:3,(anonymous_0)
FNF:1
FNH:1
FNDA:3,(anonymous_0)
DA:4,3
DA:5,3
LF:2
LH:2
BRF:0
BRH:0
end_of_record
TN:
SF:/Users/cseibert/Workspace/ef-cms/web-client/src/presenter/actions/clearForwardFormAction.js
FN:3,(anonymous_0)
FNF:1
FNH:1
FNDA:1,(anonymous_0)
DA:4,1
LF:1
LH:1
BRF:0
BRH:0
end_of_record
TN:
SF:/Users/cseibert/Workspace/ef-cms/web-client/src/presenter/actions/clearLoginFormAction.js
FN:3,(anonymous_0)
FNF:1
FNH:1
FNDA:4,(anonymous_0)
DA:4,4
LF:1
LH:1
BRF:0
BRH:0
end_of_record
TN:
SF:/Users/cseibert/Workspace/ef-cms/web-client/src/presenter/actions/clearPetitionAction.js
FN:3,(anonymous_0)
FNF:1
FNH:1
FNDA:3,(anonymous_0)
DA:4,3
LF:1
LH:1
BRF:0
BRH:0
end_of_record
TN:
SF:/Users/cseibert/Workspace/ef-cms/web-client/src/presenter/actions/clearWorkItemActionMapAction.js
FN:3,(anonymous_0)
FNF:1
FNH:1
FNDA:3,(anonymous_0)
DA:4,3
LF:1
LH:1
BRF:0
BRH:0
end_of_record
TN:
SF:/Users/cseibert/Workspace/ef-cms/web-client/src/presenter/actions/completeWorkItemAction.js
FN:3,(anonymous_0)
FN:10,(anonymous_1)
FN:13,(anonymous_2)
FNF:3
FNH:3
FNDA:1,(anonymous_0)
FNDA:3,(anonymous_1)
FNDA:3,(anonymous_2)
DA:4,1
DA:6,1
DA:7,1
DA:9,1
DA:10,3
DA:12,1
DA:13,3
DA:15,1
DA:17,1
DA:20,1
DA:21,1
DA:30,1
DA:31,0
DA:32,0
DA:35,1
DA:37,1
DA:39,1
DA:46,1
LF:18
LH:16
BRDA:17,0,0,1
BRDA:17,0,1,0
BRDA:17,1,0,1
BRDA:17,1,1,0
BRDA:30,2,0,0
BRDA:30,2,1,1
BRF:6
BRH:3
end_of_record
TN:
SF:/Users/cseibert/Workspace/ef-cms/web-client/src/presenter/actions/createCaseAction.js
FN:4,(anonymous_0)
FN:9,(anonymous_1)
FNF:2
FNH:2
FNDA:1,(anonymous_0)
FNDA:1,(anonymous_1)
DA:5,1
DA:6,1
DA:7,1
DA:9,1
DA:10,1
DA:16,1
DA:26,1
DA:33,1
DA:35,0
LF:9
LH:8
BRF:0
BRH:0
end_of_record
TN:
SF:/Users/cseibert/Workspace/ef-cms/web-client/src/presenter/actions/expireFormSaveSuccessAction.js
FN:3,(anonymous_0)
FN:5,(anonymous_1)
FNF:2
FNH:1
FNDA:1,(anonymous_0)
FNDA:0,(anonymous_1)
DA:4,1
DA:5,1
DA:6,0
LF:3
LH:2
BRF:0
BRH:0
end_of_record
TN:
SF:/Users/cseibert/Workspace/ef-cms/web-client/src/presenter/actions/fileRespondentDocumentAction.js
FN:3,(anonymous_0)
FNF:1
FNH:1
FNDA:2,(anonymous_0)
DA:4,2
DA:6,2
DA:8,2
DA:10,2
DA:18,2
LF:5
LH:5
BRF:0
BRH:0
end_of_record
TN:
SF:/Users/cseibert/Workspace/ef-cms/web-client/src/presenter/actions/formatSearchParamsAction.js
FNF:0
FNH:0
DA:1,0
DA:3,0
DA:4,0
DA:5,0
LF:4
LH:0
BRF:0
BRH:0
end_of_record
TN:
SF:/Users/cseibert/Workspace/ef-cms/web-client/src/presenter/actions/forwardWorkItemAction.js
FN:3,(anonymous_0)
FN:22,(anonymous_1)
FN:25,(anonymous_2)
FNF:3
FNH:3
FNDA:1,(anonymous_0)
FNDA:3,(anonymous_1)
FNDA:3,(anonymous_2)
DA:4,1
DA:6,1
DA:7,1
DA:9,1
DA:10,1
DA:11,1
DA:20,1
DA:21,1
DA:22,3
DA:25,3
DA:26,1
DA:27,1
DA:29,1
DA:36,0
LF:14
LH:13
BRDA:22,0,0,3
BRDA:22,0,1,0
BRF:2
BRH:1
end_of_record
TN:
SF:/Users/cseibert/Workspace/ef-cms/web-client/src/presenter/actions/getCaseAction.js
FN:3,(anonymous_0)
FNF:1
FNH:1
FNDA:14,(anonymous_0)
DA:4,14
DA:9,14
LF:2
LH:2
BRF:0
BRH:0
end_of_record
TN:
SF:/Users/cseibert/Workspace/ef-cms/web-client/src/presenter/actions/getCaseTypesAction.js
FN:3,(anonymous_0)
FNF:1
FNH:1
FNDA:3,(anonymous_0)
DA:4,3
DA:5,3
DA:8,3
DA:9,3
DA:11,0
LF:5
LH:4
BRDA:8,0,0,3
BRDA:8,0,1,0
BRF:2
BRH:1
end_of_record
TN:
SF:/Users/cseibert/Workspace/ef-cms/web-client/src/presenter/actions/getCasesByUserAction.js
FN:4,(anonymous_0)
FNF:1
FNH:1
FNDA:7,(anonymous_0)
DA:5,7
DA:6,7
DA:7,7
DA:11,7
DA:12,7
LF:5
LH:5
BRF:0
BRH:0
end_of_record
TN:
SF:/Users/cseibert/Workspace/ef-cms/web-client/src/presenter/actions/getCasesNewAction.js
FN:4,_callee$
FNF:1
FNH:0
FNDA:0,_callee$
DA:1,0
DA:2,0
DA:4,0
DA:5,0
DA:6,0
DA:11,0
LF:6
LH:0
BRDA:4,0,0,0
BRDA:4,0,1,0
BRDA:4,0,2,0
BRDA:4,0,3,0
BRF:4
BRH:0
end_of_record
TN:
SF:/Users/cseibert/Workspace/ef-cms/web-client/src/presenter/actions/getCreateCaseAlertSuccessAction.js
FN:1,(anonymous_0)
FNF:1
FNH:1
FNDA:1,(anonymous_0)
DA:2,1
LF:1
LH:1
BRF:0
BRH:0
end_of_record
TN:
SF:/Users/cseibert/Workspace/ef-cms/web-client/src/presenter/actions/getDocumentAction.js
FN:1,(anonymous_0)
FNF:1
FNH:1
FNDA:1,(anonymous_0)
DA:2,1
DA:8,1
LF:2
LH:2
BRF:0
BRH:0
end_of_record
TN:
SF:/Users/cseibert/Workspace/ef-cms/web-client/src/presenter/actions/getDocumentTypeAction.js
FN:4,(anonymous_0)
FNF:1
FNH:1
FNDA:2,(anonymous_0)
DA:5,2
DA:6,2
DA:8,1
DA:10,1
DA:12,0
LF:5
LH:4
BRDA:6,0,0,1
BRDA:6,0,1,1
BRDA:6,0,2,0
BRF:3
BRH:2
end_of_record
TN:
SF:/Users/cseibert/Workspace/ef-cms/web-client/src/presenter/actions/getFileDocumentAlertSuccessAction.js
FNF:0
FNH:0
DA:2,0
LF:1
LH:0
BRF:0
BRH:0
end_of_record
TN:
SF:/Users/cseibert/Workspace/ef-cms/web-client/src/presenter/actions/getFormCombinedWithCaseDetailAction.js
FN:5,(anonymous_0)
FN:8,(anonymous_1)
FN:23,(anonymous_2)
FN:45,(anonymous_3)
FN:72,(anonymous_4)
FN:75,(anonymous_5)
FNF:6
FNH:6
FNDA:23,(anonymous_0)
FNDA:43,(anonymous_1)
FNDA:26,(anonymous_2)
FNDA:13,(anonymous_3)
FNDA:13,(anonymous_4)
FNDA:13,(anonymous_5)
DA:5,3
DA:6,23
DA:8,43
DA:10,23
DA:11,13
DA:12,10
DA:13,9
DA:14,1
DA:15,0
DA:19,1
DA:23,3
DA:24,26
DA:25,26
DA:26,15
DA:28,11
DA:32,10
DA:35,1
DA:36,1
DA:38,0
DA:42,26
DA:46,13
DA:47,13
DA:51,13
DA:68,13
DA:69,13
DA:71,13
DA:73,13
DA:75,13
DA:82,13
LF:29
LH:27
BRDA:10,0,0,13
BRDA:10,0,1,10
BRDA:12,1,0,9
BRDA:12,1,1,1
BRDA:14,2,0,0
BRDA:14,2,1,1
BRDA:25,3,0,15
BRDA:25,3,1,11
BRDA:28,4,0,10
BRDA:28,4,1,1
BRDA:29,5,0,11
BRDA:29,5,1,11
BRDA:35,6,0,1
BRDA:35,6,1,0
BRDA:71,7,0,13
BRDA:71,7,1,0
BRDA:71,8,0,13
BRDA:71,8,1,0
BRDA:73,9,0,13
BRDA:73,9,1,1
BRDA:76,10,0,1
BRDA:76,10,1,12
BRDA:86,11,0,0
BRDA:86,11,1,13
BRF:24
BRH:19
end_of_record
TN:
SF:/Users/cseibert/Workspace/ef-cms/web-client/src/presenter/actions/getInternalUsersAction.js
FN:1,(anonymous_0)
FNF:1
FNH:1
FNDA:3,(anonymous_0)
DA:2,3
DA:5,3
DA:6,0
DA:13,3
LF:4
LH:3
BRDA:5,0,0,0
BRDA:5,0,1,3
BRDA:5,1,0,3
BRDA:5,1,1,3
BRF:4
BRH:3
end_of_record
TN:
SF:/Users/cseibert/Workspace/ef-cms/web-client/src/presenter/actions/getProcedureTypesAction.js
FN:3,(anonymous_0)
FNF:1
FNH:1
FNDA:3,(anonymous_0)
DA:4,3
DA:5,3
DA:8,3
DA:9,3
DA:11,0
LF:5
LH:4
BRDA:8,0,0,3
BRDA:8,0,1,0
BRF:2
BRH:1
end_of_record
TN:
SF:/Users/cseibert/Workspace/ef-cms/web-client/src/presenter/actions/getSelectedWorkItemsAction.js
FN:3,_callee$
FNF:1
FNH:0
FNDA:0,_callee$
DA:1,0
DA:3,0
LF:2
LH:0
BRDA:3,0,0,0
BRDA:3,0,1,0
BRDA:3,0,2,0
BRF:3
BRH:0
end_of_record
TN:
SF:/Users/cseibert/Workspace/ef-cms/web-client/src/presenter/actions/getTrialCitiesAction.js
FN:1,(anonymous_0)
FNF:1
FNH:1
FNDA:4,(anonymous_0)
DA:2,4
DA:3,4
DA:7,4
DA:8,4
DA:10,0
LF:5
LH:4
BRDA:7,0,0,4
BRDA:7,0,1,0
BRF:2
BRH:1
end_of_record
TN:
SF:/Users/cseibert/Workspace/ef-cms/web-client/src/presenter/actions/getUserAction.js
FN:3,(anonymous_0)
FNF:1
FNH:1
FNDA:12,(anonymous_0)
DA:4,12
DA:5,12
DA:6,12
DA:7,1
LF:4
LH:4
BRDA:6,0,0,11
BRDA:6,0,1,1
BRF:2
BRH:2
end_of_record
TN:
SF:/Users/cseibert/Workspace/ef-cms/web-client/src/presenter/actions/getUserRoleAction.js
FN:3,(anonymous_0)
FNF:1
FNH:1
FNDA:30,(anonymous_0)
DA:4,30
DA:5,30
LF:2
LH:2
BRF:0
BRH:0
end_of_record
TN:
SF:/Users/cseibert/Workspace/ef-cms/web-client/src/presenter/actions/getUsersInSectionAction.js
FN:1,(anonymous_0)
FN:1,(anonymous_1)
FNF:2
FNH:2
FNDA:6,(anonymous_0)
FNDA:12,(anonymous_1)
DA:1,6
DA:2,12
DA:5,12
LF:3
LH:3
BRF:0
BRH:0
end_of_record
TN:
SF:/Users/cseibert/Workspace/ef-cms/web-client/src/presenter/actions/getWorkItemAction.js
FN:3,_callee$
FNF:1
FNH:0
FNDA:0,_callee$
DA:1,0
DA:3,0
DA:4,0
LF:3
LH:0
BRDA:3,0,0,0
BRDA:3,0,1,0
BRDA:3,0,2,0
BRDA:3,0,3,0
BRF:4
BRH:0
end_of_record
TN:
SF:/Users/cseibert/Workspace/ef-cms/web-client/src/presenter/actions/getWorkItemsByUserAction.js
FN:4,(anonymous_0)
FNF:1
FNH:1
FNDA:18,(anonymous_0)
DA:5,18
DA:6,18
DA:7,18
DA:11,18
DA:12,18
LF:5
LH:5
BRF:0
BRH:0
end_of_record
TN:
SF:/Users/cseibert/Workspace/ef-cms/web-client/src/presenter/actions/getWorkItemsForSectionAction.js
FN:1,(anonymous_0)
FNF:1
FNH:1
FNDA:15,(anonymous_0)
DA:2,15
DA:3,15
DA:10,15
LF:3
LH:3
BRF:0
BRH:0
end_of_record
TN:
SF:/Users/cseibert/Workspace/ef-cms/web-client/src/presenter/actions/isLoggedInAction.js
FN:3,(anonymous_0)
FNF:1
FNH:1
FNDA:23,(anonymous_0)
DA:4,23
DA:5,23
DA:6,1
DA:8,22
LF:4
LH:4
BRDA:5,0,0,1
BRDA:5,0,1,22
BRF:2
BRH:2
end_of_record
TN:
SF:/Users/cseibert/Workspace/ef-cms/web-client/src/presenter/actions/navigateToCaseDetailAction.js
FN:1,(anonymous_0)
FNF:1
FNH:1
FNDA:1,(anonymous_0)
DA:2,1
LF:1
LH:1
BRF:0
BRH:0
end_of_record
TN:
SF:/Users/cseibert/Workspace/ef-cms/web-client/src/presenter/actions/navigateToDashboardAction.js
FN:1,(anonymous_0)
FNF:1
FNH:1
FNDA:4,(anonymous_0)
DA:2,4
LF:1
LH:1
BRF:0
BRH:0
end_of_record
TN:
SF:/Users/cseibert/Workspace/ef-cms/web-client/src/presenter/actions/navigateToLoginAction.js
FN:1,(anonymous_0)
FNF:1
FNH:1
FNDA:1,(anonymous_0)
DA:2,1
LF:1
LH:1
BRF:0
BRH:0
end_of_record
TN:
SF:/Users/cseibert/Workspace/ef-cms/web-client/src/presenter/actions/navigateToPathAction.js
FN:3,(anonymous_0)
FNF:1
FNH:1
FNDA:11,(anonymous_0)
DA:4,11
DA:5,11
LF:2
LH:2
BRF:0
BRH:0
end_of_record
TN:
SF:/Users/cseibert/Workspace/ef-cms/web-client/src/presenter/actions/removeYearAmountAction.js
FN:3,(anonymous_0)
FN:8,(anonymous_1)
FNF:2
FNH:0
FNDA:0,(anonymous_0)
FNDA:0,(anonymous_1)
DA:4,0
DA:5,0
DA:6,0
DA:8,0
LF:4
LH:0
BRF:0
BRH:0
end_of_record
TN:
SF:/Users/cseibert/Workspace/ef-cms/web-client/src/presenter/actions/selectWorkItemAction.js
FN:3,(anonymous_0)
FN:7,(anonymous_1)
FN:13,(anonymous_2)
FNF:3
FNH:1
FNDA:3,(anonymous_0)
FNDA:0,(anonymous_1)
FNDA:0,(anonymous_2)
DA:4,3
DA:5,3
DA:7,0
DA:10,0
DA:13,0
DA:17,3
LF:6
LH:3
BRDA:5,0,0,0
BRDA:5,0,1,3
BRF:2
BRH:1
end_of_record
TN:
SF:/Users/cseibert/Workspace/ef-cms/web-client/src/presenter/actions/sendPetitionToIrsAction.js
FN:4,(anonymous_0)
FNF:1
FNH:1
FNDA:1,(anonymous_0)
DA:5,1
DA:7,1
DA:12,1
DA:13,1
LF:4
LH:4
BRF:0
BRH:0
end_of_record
TN:
SF:/Users/cseibert/Workspace/ef-cms/web-client/src/presenter/actions/setAlertErrorAction.js
FN:3,(anonymous_0)
FNF:1
FNH:1
FNDA:3,(anonymous_0)
DA:4,3
LF:1
LH:1
BRF:0
BRH:0
end_of_record
TN:
SF:/Users/cseibert/Workspace/ef-cms/web-client/src/presenter/actions/setAlertSuccessAction.js
FN:3,(anonymous_0)
FNF:1
FNH:1
FNDA:7,(anonymous_0)
DA:4,7
LF:1
LH:1
BRF:0
BRH:0
end_of_record
TN:
SF:/Users/cseibert/Workspace/ef-cms/web-client/src/presenter/actions/setAssigneeIdAction.js
FN:3,(anonymous_0)
FNF:1
FNH:1
FNDA:3,(anonymous_0)
DA:4,3
DA:5,3
LF:2
LH:2
BRF:0
BRH:0
end_of_record
TN:
SF:/Users/cseibert/Workspace/ef-cms/web-client/src/presenter/actions/setBaseUrlAction.js
FN:3,(anonymous_0)
FNF:1
FNH:1
FNDA:11,(anonymous_0)
DA:4,11
LF:1
LH:1
BRF:0
BRH:0
end_of_record
TN:
SF:/Users/cseibert/Workspace/ef-cms/web-client/src/presenter/actions/setCaseAction.js
FN:3,(anonymous_0)
FNF:1
FNH:1
FNDA:15,(anonymous_0)
DA:4,15
LF:1
LH:1
BRF:0
BRH:0
end_of_record
TN:
SF:/Users/cseibert/Workspace/ef-cms/web-client/src/presenter/actions/setCaseIdFromSearchAction.js
FN:4,(anonymous_0)
FNF:1
FNH:1
FNDA:1,(anonymous_0)
DA:2,3
DA:5,1
DA:6,1
DA:8,1
DA:9,1
DA:10,1
LF:6
LH:6
BRDA:8,0,0,1
BRDA:8,0,1,0
BRDA:8,1,0,1
BRDA:8,1,1,1
BRDA:8,1,2,1
BRF:5
BRH:4
end_of_record
TN:
SF:/Users/cseibert/Workspace/ef-cms/web-client/src/presenter/actions/setCaseTypesAction.js
FN:3,(anonymous_0)
FNF:1
FNH:1
FNDA:3,(anonymous_0)
DA:4,3
LF:1
LH:1
BRF:0
BRH:0
end_of_record
TN:
SF:/Users/cseibert/Workspace/ef-cms/web-client/src/presenter/actions/setCasesAction.js
FN:3,(anonymous_0)
FNF:1
FNH:1
FNDA:7,(anonymous_0)
DA:4,7
LF:1
LH:1
BRF:0
BRH:0
end_of_record
TN:
SF:/Users/cseibert/Workspace/ef-cms/web-client/src/presenter/actions/setCurrentPageAction.js
FN:3,(anonymous_0)
FN:4,(anonymous_1)
FNF:2
FNH:2
FNDA:51,(anonymous_0)
FNDA:41,(anonymous_1)
DA:4,51
DA:5,41
LF:2
LH:2
BRF:0
BRH:0
end_of_record
TN:
SF:/Users/cseibert/Workspace/ef-cms/web-client/src/presenter/actions/setDefaultDocumentDetailTabAction.js
FN:3,(anonymous_0)
FNF:1
FNH:1
FNDA:3,(anonymous_0)
DA:4,3
DA:5,3
LF:2
LH:2
BRDA:7,0,0,0
BRDA:7,0,1,3
BRF:2
BRH:1
end_of_record
TN:
SF:/Users/cseibert/Workspace/ef-cms/web-client/src/presenter/actions/setDocumentIdAction.js
FN:3,(anonymous_0)
FNF:1
FNH:1
FNDA:3,(anonymous_0)
DA:4,3
LF:1
LH:1
BRF:0
BRH:0
end_of_record
TN:
SF:/Users/cseibert/Workspace/ef-cms/web-client/src/presenter/actions/setFocusedWorkItemAction.js
FN:3,(anonymous_0)
FN:4,(anonymous_1)
FNF:2
FNH:0
FNDA:0,(anonymous_0)
FNDA:0,(anonymous_1)
DA:4,0
DA:5,0
DA:6,0
DA:8,0
DA:10,0
LF:5
LH:0
BRDA:5,0,0,0
BRDA:5,0,1,0
BRF:2
BRH:0
end_of_record
TN:
SF:/Users/cseibert/Workspace/ef-cms/web-client/src/presenter/actions/setFormForCaseAction.js
FN:4,(anonymous_0)
FNF:1
FNH:1
FNDA:3,(anonymous_0)
DA:5,3
DA:6,3
DA:7,3
DA:12,3
DA:13,3
DA:14,3
DA:17,3
DA:18,3
DA:23,3
DA:24,3
DA:25,3
LF:11
LH:11
BRDA:7,0,0,3
BRDA:7,0,1,0
BRDA:8,1,0,3
BRDA:8,1,1,3
BRDA:8,1,2,3
BRDA:18,2,0,3
BRDA:18,2,1,0
BRDA:19,3,0,3
BRDA:19,3,1,3
BRDA:19,3,2,3
BRF:10
BRH:8
end_of_record
TN:
SF:/Users/cseibert/Workspace/ef-cms/web-client/src/presenter/actions/setFormSaveSuccessAction.js
FN:3,(anonymous_0)
FNF:1
FNH:1
FNDA:1,(anonymous_0)
DA:4,1
LF:1
LH:1
BRF:0
BRH:0
end_of_record
TN:
SF:/Users/cseibert/Workspace/ef-cms/web-client/src/presenter/actions/setFormSubmittingAction.js
FN:3,(anonymous_0)
FNF:1
FNH:1
FNDA:17,(anonymous_0)
DA:4,17
LF:1
LH:1
BRF:0
BRH:0
end_of_record
TN:
SF:/Users/cseibert/Workspace/ef-cms/web-client/src/presenter/actions/setInternalUsersAction.js
FN:3,(anonymous_0)
FNF:1
FNH:1
FNDA:3,(anonymous_0)
DA:4,3
LF:1
LH:1
BRF:0
BRH:0
end_of_record
TN:
SF:/Users/cseibert/Workspace/ef-cms/web-client/src/presenter/actions/setPathAction.js
FN:3,(anonymous_0)
FNF:1
FNH:1
FNDA:2,(anonymous_0)
DA:4,2
DA:5,2
LF:2
LH:2
BRDA:4,0,0,2
BRDA:4,0,1,0
BRF:2
BRH:1
end_of_record
TN:
SF:/Users/cseibert/Workspace/ef-cms/web-client/src/presenter/actions/setProcedureTypesAction.js
FN:3,(anonymous_0)
FNF:1
FNH:1
FNDA:3,(anonymous_0)
DA:4,3
LF:1
LH:1
BRF:0
BRH:0
end_of_record
TN:
SF:/Users/cseibert/Workspace/ef-cms/web-client/src/presenter/actions/setSectionWorkQueueAction.js
FN:3,(anonymous_0)
FNF:1
FNH:1
FNDA:15,(anonymous_0)
DA:4,15
LF:1
LH:1
BRF:0
BRH:0
end_of_record
TN:
SF:/Users/cseibert/Workspace/ef-cms/web-client/src/presenter/actions/setTrialCitiesAction.js
FN:3,(anonymous_0)
FNF:1
FNH:1
FNDA:4,(anonymous_0)
DA:4,4
LF:1
LH:1
BRF:0
BRH:0
end_of_record
TN:
SF:/Users/cseibert/Workspace/ef-cms/web-client/src/presenter/actions/setUserAction.js
FN:3,(anonymous_0)
FNF:1
FNH:1
FNDA:11,(anonymous_0)
DA:4,11
DA:5,11
LF:2
LH:2
BRF:0
BRH:0
end_of_record
TN:
SF:/Users/cseibert/Workspace/ef-cms/web-client/src/presenter/actions/setUsersAction.js
FN:3,(anonymous_0)
FNF:1
FNH:1
FNDA:12,(anonymous_0)
DA:4,12
LF:1
LH:1
BRF:0
BRH:0
end_of_record
TN:
SF:/Users/cseibert/Workspace/ef-cms/web-client/src/presenter/actions/setValidationAlertErrorsAction.js
FN:4,(anonymous_0)
FN:8,(anonymous_1)
FN:11,(anonymous_2)
FN:13,(anonymous_3)
FN:15,(anonymous_4)
FNF:5
FNH:2
FNDA:1,(anonymous_0)
FNDA:2,(anonymous_1)
FNDA:0,(anonymous_2)
FNDA:0,(anonymous_3)
FNDA:0,(anonymous_4)
DA:5,1
DA:9,2
DA:10,2
DA:11,0
DA:12,0
DA:13,0
DA:15,0
DA:16,0
DA:22,2
DA:27,1
LF:10
LH:5
BRDA:10,0,0,0
BRDA:10,0,1,2
BRF:2
BRH:1
end_of_record
TN:
SF:/Users/cseibert/Workspace/ef-cms/web-client/src/presenter/actions/setWorkItemAction.js
FNF:0
FNH:0
DA:1,0
DA:3,0
DA:4,0
LF:3
LH:0
BRF:0
BRH:0
end_of_record
TN:
SF:/Users/cseibert/Workspace/ef-cms/web-client/src/presenter/actions/setWorkItemActionMapAction.js
FN:3,(anonymous_0)
FNF:1
FNH:0
FNDA:0,(anonymous_0)
DA:4,0
DA:5,0
DA:6,0
DA:7,0
DA:8,0
DA:9,0
DA:11,0
DA:13,0
LF:8
LH:0
BRDA:6,0,0,0
BRDA:6,0,1,0
BRDA:8,1,0,0
BRDA:8,1,1,0
BRF:4
BRH:0
end_of_record
TN:
SF:/Users/cseibert/Workspace/ef-cms/web-client/src/presenter/actions/setWorkItemsAction.js
FN:3,(anonymous_0)
FNF:1
FNH:1
FNDA:18,(anonymous_0)
DA:4,18
LF:1
LH:1
BRF:0
BRH:0
end_of_record
TN:
SF:/Users/cseibert/Workspace/ef-cms/web-client/src/presenter/actions/switchWorkQueueAction.js
FN:3,(anonymous_0)
FNF:1
FNH:1
FNDA:2,(anonymous_0)
DA:4,2
LF:1
LH:1
BRF:0
BRH:0
end_of_record
TN:
SF:/Users/cseibert/Workspace/ef-cms/web-client/src/presenter/actions/unsetFormSaveSuccessAction.js
FN:3,(anonymous_0)
FNF:1
FNH:0
FNDA:0,(anonymous_0)
DA:4,0
LF:1
LH:0
BRF:0
BRH:0
end_of_record
TN:
SF:/Users/cseibert/Workspace/ef-cms/web-client/src/presenter/actions/unsetFormSubmittingAction.js
FN:3,(anonymous_0)
FNF:1
FNH:1
FNDA:17,(anonymous_0)
DA:4,17
LF:1
LH:1
BRF:0
BRH:0
end_of_record
TN:
SF:/Users/cseibert/Workspace/ef-cms/web-client/src/presenter/actions/updateCaseAction.js
FN:3,(anonymous_0)
FNF:1
FNH:1
FNDA:9,(anonymous_0)
DA:4,9
DA:5,9
DA:7,9
DA:13,9
LF:4
LH:4
BRF:0
BRH:0
end_of_record
TN:
SF:/Users/cseibert/Workspace/ef-cms/web-client/src/presenter/actions/uploadDocumentAction.js
FN:3,_callee$
FNF:1
FNH:0
FNDA:0,_callee$
DA:1,0
DA:3,0
DA:4,0
DA:6,0
DA:8,0
LF:5
LH:0
BRDA:3,0,0,0
BRDA:3,0,1,0
BRDA:3,0,2,0
BRDA:3,0,3,0
BRF:4
BRH:0
end_of_record
TN:
SF:/Users/cseibert/Workspace/ef-cms/web-client/src/presenter/actions/validateCaseDetailAction.js
FN:3,(anonymous_0)
FNF:1
FNH:1
FNDA:13,(anonymous_0)
DA:4,13
DA:6,13
DA:11,13
DA:13,13
DA:14,9
DA:18,4
LF:6
LH:6
BRDA:11,0,0,13
BRDA:11,0,1,9
BRDA:13,1,0,9
BRDA:13,1,1,4
BRF:4
BRH:4
end_of_record
TN:
SF:/Users/cseibert/Workspace/ef-cms/web-client/src/presenter/actions/validateDocumentAction.js
FN:3,(anonymous_0)
FNF:1
FNH:1
FNDA:2,(anonymous_0)
DA:4,2
DA:6,2
DA:7,0
DA:14,2
DA:15,0
DA:22,2
LF:6
LH:4
BRDA:6,0,0,0
BRDA:6,0,1,2
BRDA:6,1,0,2
BRDA:6,1,1,2
BRDA:14,2,0,0
BRDA:14,2,1,2
BRF:6
BRH:4
end_of_record
TN:
SF:/Users/cseibert/Workspace/ef-cms/web-client/src/presenter/actions/validatePetitionAction.js
FN:4,(anonymous_0)
FN:19,(anonymous_1)
FNF:2
FNH:2
FNDA:3,(anonymous_0)
FNDA:9,(anonymous_1)
DA:5,3
DA:7,3
DA:17,3
DA:19,9
DA:22,3
DA:27,3
DA:28,1
DA:30,2
LF:8
LH:8
BRDA:27,0,0,1
BRDA:27,0,1,2
BRF:2
BRH:2
end_of_record
TN:
SF:/Users/cseibert/Workspace/ef-cms/web-client/src/presenter/computeds/alertHelper.js
FN:3,(anonymous_0)
FNF:1
FNH:0
FNDA:0,(anonymous_0)
DA:4,0
DA:6,0
LF:2
LH:0
BRDA:8,0,0,0
BRDA:8,0,1,0
BRDA:9,1,0,0
BRDA:9,1,1,0
BRDA:10,2,0,0
BRDA:10,2,1,0
BRDA:10,2,2,0
BRF:7
BRH:0
end_of_record
TN:
SF:/Users/cseibert/Workspace/ef-cms/web-client/src/presenter/computeds/caseDetailHelper.js
FN:3,(anonymous_0)
FNF:1
FNH:1
FNDA:2,(anonymous_0)
DA:4,2
DA:5,2
DA:7,2
LF:3
LH:3
BRDA:11,0,0,2
BRDA:11,0,1,1
BRDA:13,1,0,2
BRDA:13,1,1,1
BRF:4
BRH:4
end_of_record
TN:
SF:/Users/cseibert/Workspace/ef-cms/web-client/src/presenter/computeds/documentDetailHelper.js
FN:5,(anonymous_0)
FN:10,(anonymous_1)
FNF:2
FNH:1
FNDA:1,(anonymous_0)
FNDA:0,(anonymous_1)
DA:3,3
DA:6,1
DA:7,1
DA:11,0
DA:12,0
LF:5
LH:3
BRF:0
BRH:0
end_of_record
TN:
SF:/Users/cseibert/Workspace/ef-cms/web-client/src/presenter/computeds/extractDocument.js
FN:5,(anonymous_0)
FN:9,(anonymous_1)
FN:14,(anonymous_2)
FN:15,(anonymous_3)
FNF:4
FNH:4
FNDA:2,(anonymous_0)
FNDA:6,(anonymous_1)
FNDA:2,(anonymous_2)
FNDA:1,(anonymous_3)
DA:5,3
DA:6,2
DA:7,2
DA:8,2
DA:9,6
DA:11,2
DA:12,2
DA:13,2
DA:14,2
DA:15,1
DA:16,2
LF:11
LH:11
BRDA:8,0,0,2
BRDA:8,0,1,0
BRDA:11,1,0,0
BRDA:11,1,1,2
BRDA:13,2,0,2
BRDA:13,2,1,0
BRF:6
BRH:3
end_of_record
TN:
SF:/Users/cseibert/Workspace/ef-cms/web-client/src/presenter/computeds/extractPendingMessagesFromCaseDetail.js
FN:5,(anonymous_0)
FN:8,(anonymous_1)
FN:12,(anonymous_2)
FN:13,(anonymous_3)
FNF:4
FNH:4
FNDA:3,(anonymous_0)
FNDA:9,(anonymous_1)
FNDA:9,(anonymous_2)
FNDA:8,(anonymous_3)
DA:5,3
DA:6,3
DA:7,3
DA:8,9
DA:11,3
DA:12,9
DA:13,8
LF:7
LH:7
BRDA:8,0,0,9
BRDA:8,0,1,0
BRF:2
BRH:1
end_of_record
TN:
SF:/Users/cseibert/Workspace/ef-cms/web-client/src/presenter/computeds/formattedCaseDetail.js
FN:5,(anonymous_0)
FN:13,(anonymous_1)
FN:17,(anonymous_2)
FN:30,(anonymous_3)
FN:63,(anonymous_4)
FN:68,(anonymous_5)
FNF:6
FNH:4
FNDA:4,(anonymous_0)
FNDA:2,(anonymous_1)
FNDA:0,(anonymous_2)
FNDA:2,(anonymous_3)
FNDA:0,(anonymous_4)
FNDA:2,(anonymous_5)
DA:5,3
DA:6,4
DA:7,4
DA:8,4
DA:9,4
DA:10,4
DA:13,3
DA:14,2
DA:15,2
DA:17,0
DA:18,0
DA:19,0
DA:30,3
DA:31,2
DA:33,2
DA:34,2
DA:35,0
DA:39,2
DA:40,2
DA:41,2
DA:43,2
DA:47,2
DA:51,2
DA:55,2
DA:57,2
DA:60,2
DA:63,3
DA:64,0
DA:65,0
DA:68,3
DA:69,2
DA:70,2
LF:32
LH:26
BRDA:14,0,0,2
BRDA:14,0,1,0
BRDA:14,1,0,2
BRDA:14,1,1,2
BRDA:22,2,0,0
BRDA:22,2,1,0
BRDA:22,3,0,0
BRDA:22,3,1,0
BRDA:33,4,0,2
BRDA:33,4,1,0
BRDA:34,5,0,0
BRDA:34,5,1,2
BRDA:45,6,0,2
BRDA:45,6,1,0
BRDA:47,7,0,2
BRDA:47,7,1,0
BRDA:58,8,0,0
BRDA:58,8,1,2
BRF:18
BRH:8
end_of_record
TN:
SF:/Users/cseibert/Workspace/ef-cms/web-client/src/presenter/computeds/formattedSectionWorkQueue.js
FN:6,(anonymous_0)
FN:10,(anonymous_1)
FN:11,(anonymous_2)
FNF:3
FNH:3
FNDA:1,(anonymous_0)
FNDA:19,(anonymous_1)
FNDA:18,(anonymous_2)
DA:6,3
DA:7,1
DA:8,1
DA:9,1
DA:10,19
DA:11,18
LF:6
LH:6
BRF:0
BRH:0
end_of_record
TN:
SF:/Users/cseibert/Workspace/ef-cms/web-client/src/presenter/computeds/formattedTrialCity.js
FN:1,(anonymous_0)
FN:1,(anonymous_1)
FNF:2
FNH:2
FNDA:1,(anonymous_0)
FNDA:251,(anonymous_1)
DA:1,3
DA:2,251
LF:2
LH:2
BRF:0
BRH:0
end_of_record
TN:
SF:/Users/cseibert/Workspace/ef-cms/web-client/src/presenter/computeds/formattedWorkQueue.js
FN:5,(anonymous_0)
FN:9,(anonymous_1)
FN:32,(anonymous_2)
FN:41,(anonymous_3)
FN:45,(anonymous_4)
FN:46,(anonymous_5)
FNF:6
FNH:5
FNDA:31,(anonymous_0)
FNDA:45,(anonymous_1)
FNDA:0,(anonymous_2)
FNDA:3,(anonymous_3)
FNDA:18,(anonymous_4)
FNDA:4,(anonymous_5)
DA:5,3
DA:6,31
DA:7,31
DA:8,31
DA:9,31
DA:10,45
DA:11,45
DA:12,45
DA:13,33
DA:15,12
DA:17,45
DA:18,45
DA:22,31
DA:23,31
DA:25,31
DA:27,31
DA:31,31
DA:32,0
DA:35,31
DA:36,31
DA:38,31
DA:41,3
DA:42,3
DA:43,3
DA:44,3
DA:45,18
DA:46,4
LF:27
LH:26
BRDA:5,0,0,1
BRDA:12,1,0,33
BRDA:12,1,1,12
BRDA:17,2,0,45
BRDA:17,2,1,31
BRDA:22,3,0,31
BRDA:22,3,1,21
BRDA:24,4,0,27
BRDA:24,4,1,4
BRDA:29,5,0,31
BRDA:29,5,1,0
BRF:11
BRH:10
end_of_record
TN:
SF:/Users/cseibert/Workspace/ef-cms/web-client/src/presenter/computeds/startCaseHelper.js
FN:3,(anonymous_0)
FN:10,(anonymous_1)
FNF:2
FNH:2
FNDA:7,(anonymous_0)
FNDA:251,(anonymous_1)
DA:4,7
DA:5,7
DA:6,7
DA:7,7
DA:8,7
DA:9,7
DA:11,251
DA:17,7
LF:8
LH:8
BRDA:6,0,0,7
BRDA:6,0,1,3
BRDA:12,1,0,251
BRDA:12,1,1,170
BRDA:22,2,0,7
BRDA:22,2,1,3
BRF:6
BRH:6
end_of_record
TN:
SF:/Users/cseibert/Workspace/ef-cms/web-client/src/presenter/computeds/workQueueHelper.js
FN:3,(anonymous_0)
FNF:1
FNH:0
FNDA:0,(anonymous_0)
DA:4,0
DA:5,0
DA:7,0
LF:3
LH:0
BRF:0
BRH:0
end_of_record
TN:
SF:/Users/cseibert/Workspace/ef-cms/web-client/src/presenter/sequences/appendNewYearAmountSequence.js
FNF:0
FNH:0
LF:0
LH:0
BRF:0
BRH:0
end_of_record
TN:
SF:/Users/cseibert/Workspace/ef-cms/web-client/src/presenter/sequences/assignSelectedWorkItemsSequence.js
FNF:0
FNH:0
LF:0
LH:0
BRF:0
BRH:0
end_of_record
TN:
SF:/Users/cseibert/Workspace/ef-cms/web-client/src/presenter/sequences/autoSaveCaseSequence.js
FNF:0
FNH:0
LF:0
LH:0
BRF:0
BRH:0
end_of_record
TN:
SF:/Users/cseibert/Workspace/ef-cms/web-client/src/presenter/sequences/clearDocumentSequence.js
FNF:0
FNH:0
LF:0
LH:0
BRF:0
BRH:0
end_of_record
TN:
SF:/Users/cseibert/Workspace/ef-cms/web-client/src/presenter/sequences/getTrialCitiesSequence.js
FNF:0
FNH:0
LF:0
LH:0
BRF:0
BRH:0
end_of_record
TN:
SF:/Users/cseibert/Workspace/ef-cms/web-client/src/presenter/sequences/gotoCaseDetailSequence.js
FNF:0
FNH:0
LF:0
LH:0
BRF:0
BRH:0
end_of_record
TN:
SF:/Users/cseibert/Workspace/ef-cms/web-client/src/presenter/sequences/gotoDashboardSequence.js
FNF:0
FNH:0
DA:17,3
LF:1
LH:1
BRF:0
BRH:0
end_of_record
TN:
SF:/Users/cseibert/Workspace/ef-cms/web-client/src/presenter/sequences/gotoDocumentDetailSequence.js
FNF:0
FNH:0
LF:0
LH:0
BRF:0
BRH:0
end_of_record
TN:
SF:/Users/cseibert/Workspace/ef-cms/web-client/src/presenter/sequences/gotoLogInSequence.js
FNF:0
FNH:0
LF:0
LH:0
BRF:0
BRH:0
end_of_record
TN:
SF:/Users/cseibert/Workspace/ef-cms/web-client/src/presenter/sequences/gotoStartCaseSequence.js
FNF:0
FNH:0
LF:0
LH:0
BRF:0
BRH:0
end_of_record
TN:
SF:/Users/cseibert/Workspace/ef-cms/web-client/src/presenter/sequences/gotoStyleGuideSequence.js
FNF:0
FNH:0
LF:0
LH:0
BRF:0
BRH:0
end_of_record
TN:
SF:/Users/cseibert/Workspace/ef-cms/web-client/src/presenter/sequences/loginWithTokenSequence.js
FNF:0
FNH:0
LF:0
LH:0
BRF:0
BRH:0
end_of_record
TN:
SF:/Users/cseibert/Workspace/ef-cms/web-client/src/presenter/sequences/removeYearAmountSequence.js
FNF:0
FNH:0
LF:0
LH:0
BRF:0
BRH:0
end_of_record
TN:
SF:/Users/cseibert/Workspace/ef-cms/web-client/src/presenter/sequences/selectAssigneeSequence.js
FNF:0
FNH:0
LF:0
LH:0
BRF:0
BRH:0
end_of_record
TN:
SF:/Users/cseibert/Workspace/ef-cms/web-client/src/presenter/sequences/selectWorkItemSequence.js
FNF:0
FNH:0
LF:0
LH:0
BRF:0
BRH:0
end_of_record
TN:
SF:/Users/cseibert/Workspace/ef-cms/web-client/src/presenter/sequences/setFocusedWorkItemSequence.js
FNF:0
FNH:0
LF:0
LH:0
BRF:0
BRH:0
end_of_record
TN:
SF:/Users/cseibert/Workspace/ef-cms/web-client/src/presenter/sequences/setWorkItemActionSequence.js
FNF:0
FNH:0
LF:0
LH:0
BRF:0
BRH:0
end_of_record
TN:
SF:/Users/cseibert/Workspace/ef-cms/web-client/src/presenter/sequences/startACaseConfirmCancelSequence.js
FNF:0
FNH:0
LF:0
LH:0
BRF:0
BRH:0
end_of_record
TN:
SF:/Users/cseibert/Workspace/ef-cms/web-client/src/presenter/sequences/startACaseToggleCancelSequence.js
FNF:0
FNH:0
LF:0
LH:0
BRF:0
BRH:0
end_of_record
TN:
SF:/Users/cseibert/Workspace/ef-cms/web-client/src/presenter/sequences/submitCompleteSequence.js
FNF:0
FNH:0
LF:0
LH:0
BRF:0
BRH:0
end_of_record
TN:
SF:/Users/cseibert/Workspace/ef-cms/web-client/src/presenter/sequences/submitDocumentSequence.js
FNF:0
FNH:0
LF:0
LH:0
BRF:0
BRH:0
end_of_record
TN:
SF:/Users/cseibert/Workspace/ef-cms/web-client/src/presenter/sequences/submitFilePetitionSequence.js
FNF:0
FNH:0
LF:0
LH:0
BRF:0
BRH:0
end_of_record
TN:
SF:/Users/cseibert/Workspace/ef-cms/web-client/src/presenter/sequences/submitForwardSequence.js
FNF:0
FNH:0
LF:0
LH:0
BRF:0
BRH:0
end_of_record
TN:
SF:/Users/cseibert/Workspace/ef-cms/web-client/src/presenter/sequences/submitLogInSequence.js
FNF:0
FNH:0
LF:0
LH:0
BRF:0
BRH:0
end_of_record
TN:
SF:/Users/cseibert/Workspace/ef-cms/web-client/src/presenter/sequences/submitSearchSequence.js
FNF:0
FNH:0
LF:0
LH:0
BRF:0
BRH:0
end_of_record
TN:
SF:/Users/cseibert/Workspace/ef-cms/web-client/src/presenter/sequences/submitToIrsSequence.js
FNF:0
FNH:0
LF:0
LH:0
BRF:0
BRH:0
end_of_record
TN:
SF:/Users/cseibert/Workspace/ef-cms/web-client/src/presenter/sequences/submitUpdateCaseSequence.js
FNF:0
FNH:0
LF:0
LH:0
BRF:0
BRH:0
end_of_record
TN:
SF:/Users/cseibert/Workspace/ef-cms/web-client/src/presenter/sequences/switchWorkQueueSequence.js
FNF:0
FNH:0
LF:0
LH:0
BRF:0
BRH:0
end_of_record
TN:
SF:/Users/cseibert/Workspace/ef-cms/web-client/src/presenter/sequences/toggleCaseDifferenceSequence.js
FNF:0
FNH:0
LF:0
LH:0
BRF:0
BRH:0
end_of_record
TN:
SF:/Users/cseibert/Workspace/ef-cms/web-client/src/presenter/sequences/toggleMobileMenuSequence.js
FNF:0
FNH:0
LF:0
LH:0
BRF:0
BRH:0
end_of_record
TN:
SF:/Users/cseibert/Workspace/ef-cms/web-client/src/presenter/sequences/togglePaymentDetailsSequence.js
FNF:0
FNH:0
LF:0
LH:0
BRF:0
BRH:0
end_of_record
TN:
SF:/Users/cseibert/Workspace/ef-cms/web-client/src/presenter/sequences/toggleUsaBannerDetailsSequence.js
FNF:0
FNH:0
LF:0
LH:0
BRF:0
BRH:0
end_of_record
TN:
SF:/Users/cseibert/Workspace/ef-cms/web-client/src/presenter/sequences/unsetFormSaveSuccessSequence.js
FNF:0
FNH:0
LF:0
LH:0
BRF:0
BRH:0
end_of_record
TN:
SF:/Users/cseibert/Workspace/ef-cms/web-client/src/presenter/sequences/updateCaseValueByIndexSequence.js
FNF:0
FNH:0
LF:0
LH:0
BRF:0
BRH:0
end_of_record
TN:
SF:/Users/cseibert/Workspace/ef-cms/web-client/src/presenter/sequences/updateCaseValueSequence.js
FNF:0
FNH:0
LF:0
LH:0
BRF:0
BRH:0
end_of_record
TN:
SF:/Users/cseibert/Workspace/ef-cms/web-client/src/presenter/sequences/updateCompleteFormValueSequence.js
FNF:0
FNH:0
LF:0
LH:0
BRF:0
BRH:0
end_of_record
TN:
SF:/Users/cseibert/Workspace/ef-cms/web-client/src/presenter/sequences/updateCurrentTabSequence.js
FNF:0
FNH:0
LF:0
LH:0
BRF:0
BRH:0
end_of_record
TN:
SF:/Users/cseibert/Workspace/ef-cms/web-client/src/presenter/sequences/updateDocumentValueSequence.js
FNF:0
FNH:0
LF:0
LH:0
BRF:0
BRH:0
end_of_record
TN:
SF:/Users/cseibert/Workspace/ef-cms/web-client/src/presenter/sequences/updateFormValueSequence.js
FNF:0
FNH:0
LF:0
LH:0
BRF:0
BRH:0
end_of_record
TN:
SF:/Users/cseibert/Workspace/ef-cms/web-client/src/presenter/sequences/updateForwardFormValueSequence.js
FNF:0
FNH:0
LF:0
LH:0
BRF:0
BRH:0
end_of_record
TN:
SF:/Users/cseibert/Workspace/ef-cms/web-client/src/presenter/sequences/updateLoginValueSequence.js
FNF:0
FNH:0
LF:0
LH:0
BRF:0
BRH:0
end_of_record
TN:
SF:/Users/cseibert/Workspace/ef-cms/web-client/src/presenter/sequences/updatePetitionValueSequence.js
FNF:0
FNH:0
LF:0
LH:0
BRF:0
BRH:0
end_of_record
TN:
SF:/Users/cseibert/Workspace/ef-cms/web-client/src/presenter/sequences/updateSearchTermSequence.js
FNF:0
FNH:0
LF:0
LH:0
BRF:0
BRH:0
end_of_record
TN:
SF:/Users/cseibert/Workspace/ef-cms/web-client/src/presenter/sequences/validateCaseDetailSequence.js
FNF:0
FNH:0
LF:0
LH:0
BRF:0
BRH:0
end_of_record
TN:
SF:/Users/cseibert/Workspace/ef-cms/web-client/src/presenter/sequences/viewDocumentSequence.js
FNF:0
FNH:0
LF:0
LH:0
BRF:0
BRH:0
end_of_record
TN:
SF:/Users/cseibert/Workspace/ef-cms/web-client/src/views/openDocumentBlob.js
FN:8,(anonymous_1)
FNF:1
FNH:0
FNDA:0,(anonymous_1)
DA:3,0
DA:6,0
DA:8,0
LF:3
LH:0
BRF:0
BRH:0
end_of_record
